Time resolution is 1 fs
 Block Memory Generator module loading initial data...
 Block Memory Generator data initialization complete.
Block Memory Generator module Datapath_Testbench.FEB.AFE_Interface.AFE.inst.\native_mem_module.blk_mem_gen_v8_4_5_inst  is using a behavioral model for simulation which will not precisely model memory collision behavior.
Block Memory Generator module Datapath_Testbench.FEB.AFE_DataPath_inst.AFE_Pipeline_inst.\\Gen_Two_AFEs(0)\ .Pipeline.inst.\native_mem_module.blk_mem_gen_v8_4_5_inst  is using a behavioral model for simulation which will not precisely model memory collision behavior.
Block Memory Generator module Datapath_Testbench.FEB.AFE_DataPath_inst.AFE_Pipeline_inst.\\Gen_Two_AFEs(1)\ .Pipeline.inst.\native_mem_module.blk_mem_gen_v8_4_5_inst  is using a behavioral model for simulation which will not precisely model memory collision behavior.
Block Memory Generator module Datapath_Testbench.FEB.AFE_DataPath_inst.\\Gen_Two_AFEs(0)\ .\\Gen_Eight_Chans(0)\ .AFEBuff.inst.\native_mem_module.blk_mem_gen_v8_4_5_inst  is using a behavioral model for simulation which will not precisely model memory collision behavior.
Block Memory Generator module Datapath_Testbench.FEB.AFE_DataPath_inst.\\Gen_Two_AFEs(0)\ .\\Gen_Eight_Chans(1)\ .AFEBuff.inst.\native_mem_module.blk_mem_gen_v8_4_5_inst  is using a behavioral model for simulation which will not precisely model memory collision behavior.
Block Memory Generator module Datapath_Testbench.FEB.AFE_DataPath_inst.\\Gen_Two_AFEs(0)\ .\\Gen_Eight_Chans(2)\ .AFEBuff.inst.\native_mem_module.blk_mem_gen_v8_4_5_inst  is using a behavioral model for simulation which will not precisely model memory collision behavior.
Block Memory Generator module Datapath_Testbench.FEB.AFE_DataPath_inst.\\Gen_Two_AFEs(0)\ .\\Gen_Eight_Chans(3)\ .AFEBuff.inst.\native_mem_module.blk_mem_gen_v8_4_5_inst  is using a behavioral model for simulation which will not precisely model memory collision behavior.
Block Memory Generator module Datapath_Testbench.FEB.AFE_DataPath_inst.\\Gen_Two_AFEs(0)\ .\\Gen_Eight_Chans(4)\ .AFEBuff.inst.\native_mem_module.blk_mem_gen_v8_4_5_inst  is using a behavioral model for simulation which will not precisely model memory collision behavior.
Block Memory Generator module Datapath_Testbench.FEB.AFE_DataPath_inst.\\Gen_Two_AFEs(0)\ .\\Gen_Eight_Chans(5)\ .AFEBuff.inst.\native_mem_module.blk_mem_gen_v8_4_5_inst  is using a behavioral model for simulation which will not precisely model memory collision behavior.
Block Memory Generator module Datapath_Testbench.FEB.AFE_DataPath_inst.\\Gen_Two_AFEs(0)\ .\\Gen_Eight_Chans(6)\ .AFEBuff.inst.\native_mem_module.blk_mem_gen_v8_4_5_inst  is using a behavioral model for simulation which will not precisely model memory collision behavior.
Block Memory Generator module Datapath_Testbench.FEB.AFE_DataPath_inst.\\Gen_Two_AFEs(0)\ .\\Gen_Eight_Chans(7)\ .AFEBuff.inst.\native_mem_module.blk_mem_gen_v8_4_5_inst  is using a behavioral model for simulation which will not precisely model memory collision behavior.
Block Memory Generator module Datapath_Testbench.FEB.AFE_DataPath_inst.\\Gen_Two_AFEs(1)\ .\\Gen_Eight_Chans(0)\ .AFEBuff.inst.\native_mem_module.blk_mem_gen_v8_4_5_inst  is using a behavioral model for simulation which will not precisely model memory collision behavior.
Block Memory Generator module Datapath_Testbench.FEB.AFE_DataPath_inst.\\Gen_Two_AFEs(1)\ .\\Gen_Eight_Chans(1)\ .AFEBuff.inst.\native_mem_module.blk_mem_gen_v8_4_5_inst  is using a behavioral model for simulation which will not precisely model memory collision behavior.
Block Memory Generator module Datapath_Testbench.FEB.AFE_DataPath_inst.\\Gen_Two_AFEs(1)\ .\\Gen_Eight_Chans(2)\ .AFEBuff.inst.\native_mem_module.blk_mem_gen_v8_4_5_inst  is using a behavioral model for simulation which will not precisely model memory collision behavior.
Block Memory Generator module Datapath_Testbench.FEB.AFE_DataPath_inst.\\Gen_Two_AFEs(1)\ .\\Gen_Eight_Chans(3)\ .AFEBuff.inst.\native_mem_module.blk_mem_gen_v8_4_5_inst  is using a behavioral model for simulation which will not precisely model memory collision behavior.
Block Memory Generator module Datapath_Testbench.FEB.AFE_DataPath_inst.\\Gen_Two_AFEs(1)\ .\\Gen_Eight_Chans(4)\ .AFEBuff.inst.\native_mem_module.blk_mem_gen_v8_4_5_inst  is using a behavioral model for simulation which will not precisely model memory collision behavior.
Block Memory Generator module Datapath_Testbench.FEB.AFE_DataPath_inst.\\Gen_Two_AFEs(1)\ .\\Gen_Eight_Chans(5)\ .AFEBuff.inst.\native_mem_module.blk_mem_gen_v8_4_5_inst  is using a behavioral model for simulation which will not precisely model memory collision behavior.
Block Memory Generator module Datapath_Testbench.FEB.AFE_DataPath_inst.\\Gen_Two_AFEs(1)\ .\\Gen_Eight_Chans(6)\ .AFEBuff.inst.\native_mem_module.blk_mem_gen_v8_4_5_inst  is using a behavioral model for simulation which will not precisely model memory collision behavior.
Block Memory Generator module Datapath_Testbench.FEB.AFE_DataPath_inst.\\Gen_Two_AFEs(1)\ .\\Gen_Eight_Chans(7)\ .AFEBuff.inst.\native_mem_module.blk_mem_gen_v8_4_5_inst  is using a behavioral model for simulation which will not precisely model memory collision behavior.
WARNING: file design.txt could not be opened
 *** Warning: The analog data file design.txt for XADC instance Datapath_Testbench.FEB.DDR_Interface_inst.DDR_Controller.u_DDR3LController_mig.\temp_mon_enabled.u_tempmon .\xadc_supplied_temperature.XADC_inst  was not found. Use the SIM_MONITOR_FILE parameter to specify the analog data file name or use the default name: design.txt.

Block Memory Generator module Datapath_Testbench.FEB.Hist.\\GenOnePerAFE(0)\ .Hist.inst.\native_mem_module.blk_mem_gen_v8_4_5_inst  is using a behavioral model for simulation which will not precisely model memory collision behavior.
Block Memory Generator module Datapath_Testbench.FEB.Hist.\\GenOnePerAFE(1)\ .Hist.inst.\native_mem_module.blk_mem_gen_v8_4_5_inst  is using a behavioral model for simulation which will not precisely model memory collision behavior.
blk_mem_gen_v8_4_5 collision detected at time: 43750, Instance: Datapath_Testbench.FEB.AFE_Interface.AFE.inst.\native_mem_module.blk_mem_gen_v8_4_5_inst , A write address: 0, B read address: 0
blk_mem_gen_v8_4_5 collision detected at time: 63484375, Instance: Datapath_Testbench.FEB.AFE_DataPath_inst.\\Gen_Two_AFEs(0)\ .\\Gen_Eight_Chans(0)\ .AFEBuff.inst.\native_mem_module.blk_mem_gen_v8_4_5_inst , A write address: 0, B  read address: 0
blk_mem_gen_v8_4_5 collision detected at time: 63484375, Instance: Datapath_Testbench.FEB.AFE_DataPath_inst.\\Gen_Two_AFEs(0)\ .\\Gen_Eight_Chans(1)\ .AFEBuff.inst.\native_mem_module.blk_mem_gen_v8_4_5_inst , A write address: 0, B  read address: 0
blk_mem_gen_v8_4_5 collision detected at time: 63484375, Instance: Datapath_Testbench.FEB.AFE_DataPath_inst.\\Gen_Two_AFEs(0)\ .\\Gen_Eight_Chans(2)\ .AFEBuff.inst.\native_mem_module.blk_mem_gen_v8_4_5_inst , A write address: 0, B  read address: 0
blk_mem_gen_v8_4_5 collision detected at time: 63484375, Instance: Datapath_Testbench.FEB.AFE_DataPath_inst.\\Gen_Two_AFEs(0)\ .\\Gen_Eight_Chans(3)\ .AFEBuff.inst.\native_mem_module.blk_mem_gen_v8_4_5_inst , A write address: 0, B  read address: 0
blk_mem_gen_v8_4_5 collision detected at time: 63484375, Instance: Datapath_Testbench.FEB.AFE_DataPath_inst.\\Gen_Two_AFEs(0)\ .\\Gen_Eight_Chans(4)\ .AFEBuff.inst.\native_mem_module.blk_mem_gen_v8_4_5_inst , A write address: 0, B  read address: 0
blk_mem_gen_v8_4_5 collision detected at time: 63484375, Instance: Datapath_Testbench.FEB.AFE_DataPath_inst.\\Gen_Two_AFEs(0)\ .\\Gen_Eight_Chans(5)\ .AFEBuff.inst.\native_mem_module.blk_mem_gen_v8_4_5_inst , A write address: 0, B  read address: 0
blk_mem_gen_v8_4_5 collision detected at time: 63484375, Instance: Datapath_Testbench.FEB.AFE_DataPath_inst.\\Gen_Two_AFEs(0)\ .\\Gen_Eight_Chans(6)\ .AFEBuff.inst.\native_mem_module.blk_mem_gen_v8_4_5_inst , A write address: 0, B  read address: 0
blk_mem_gen_v8_4_5 collision detected at time: 63484375, Instance: Datapath_Testbench.FEB.AFE_DataPath_inst.\\Gen_Two_AFEs(0)\ .\\Gen_Eight_Chans(7)\ .AFEBuff.inst.\native_mem_module.blk_mem_gen_v8_4_5_inst , A write address: 0, B  read address: 0
blk_mem_gen_v8_4_5 collision detected at time: 63484375, Instance: Datapath_Testbench.FEB.AFE_DataPath_inst.\\Gen_Two_AFEs(1)\ .\\Gen_Eight_Chans(0)\ .AFEBuff.inst.\native_mem_module.blk_mem_gen_v8_4_5_inst , A write address: 0, B  read address: 0
blk_mem_gen_v8_4_5 collision detected at time: 63484375, Instance: Datapath_Testbench.FEB.AFE_DataPath_inst.\\Gen_Two_AFEs(1)\ .\\Gen_Eight_Chans(1)\ .AFEBuff.inst.\native_mem_module.blk_mem_gen_v8_4_5_inst , A write address: 0, B  read address: 0
blk_mem_gen_v8_4_5 collision detected at time: 63484375, Instance: Datapath_Testbench.FEB.AFE_DataPath_inst.\\Gen_Two_AFEs(1)\ .\\Gen_Eight_Chans(2)\ .AFEBuff.inst.\native_mem_module.blk_mem_gen_v8_4_5_inst , A write address: 0, B  read address: 0
blk_mem_gen_v8_4_5 collision detected at time: 63484375, Instance: Datapath_Testbench.FEB.AFE_DataPath_inst.\\Gen_Two_AFEs(1)\ .\\Gen_Eight_Chans(3)\ .AFEBuff.inst.\native_mem_module.blk_mem_gen_v8_4_5_inst , A write address: 0, B  read address: 0
blk_mem_gen_v8_4_5 collision detected at time: 63484375, Instance: Datapath_Testbench.FEB.AFE_DataPath_inst.\\Gen_Two_AFEs(1)\ .\\Gen_Eight_Chans(4)\ .AFEBuff.inst.\native_mem_module.blk_mem_gen_v8_4_5_inst , A write address: 0, B  read address: 0
blk_mem_gen_v8_4_5 collision detected at time: 63484375, Instance: Datapath_Testbench.FEB.AFE_DataPath_inst.\\Gen_Two_AFEs(1)\ .\\Gen_Eight_Chans(5)\ .AFEBuff.inst.\native_mem_module.blk_mem_gen_v8_4_5_inst , A write address: 0, B  read address: 0
blk_mem_gen_v8_4_5 collision detected at time: 63484375, Instance: Datapath_Testbench.FEB.AFE_DataPath_inst.\\Gen_Two_AFEs(1)\ .\\Gen_Eight_Chans(6)\ .AFEBuff.inst.\native_mem_module.blk_mem_gen_v8_4_5_inst , A write address: 0, B  read address: 0
blk_mem_gen_v8_4_5 collision detected at time: 63484375, Instance: Datapath_Testbench.FEB.AFE_DataPath_inst.\\Gen_Two_AFEs(1)\ .\\Gen_Eight_Chans(7)\ .AFEBuff.inst.\native_mem_module.blk_mem_gen_v8_4_5_inst , A write address: 0, B  read address: 0
blk_mem_gen_v8_4_5 collision detected at time: 63490625, Instance: Datapath_Testbench.FEB.AFE_DataPath_inst.\\Gen_Two_AFEs(0)\ .\\Gen_Eight_Chans(0)\ .AFEBuff.inst.\native_mem_module.blk_mem_gen_v8_4_5_inst , A write address: 0, B  read address: 0
blk_mem_gen_v8_4_5 collision detected at time: 63490625, Instance: Datapath_Testbench.FEB.AFE_DataPath_inst.\\Gen_Two_AFEs(0)\ .\\Gen_Eight_Chans(1)\ .AFEBuff.inst.\native_mem_module.blk_mem_gen_v8_4_5_inst , A write address: 0, B  read address: 0
blk_mem_gen_v8_4_5 collision detected at time: 63490625, Instance: Datapath_Testbench.FEB.AFE_DataPath_inst.\\Gen_Two_AFEs(0)\ .\\Gen_Eight_Chans(2)\ .AFEBuff.inst.\native_mem_module.blk_mem_gen_v8_4_5_inst , A write address: 0, B  read address: 0
blk_mem_gen_v8_4_5 collision detected at time: 63490625, Instance: Datapath_Testbench.FEB.AFE_DataPath_inst.\\Gen_Two_AFEs(0)\ .\\Gen_Eight_Chans(3)\ .AFEBuff.inst.\native_mem_module.blk_mem_gen_v8_4_5_inst , A write address: 0, B  read address: 0
blk_mem_gen_v8_4_5 collision detected at time: 63490625, Instance: Datapath_Testbench.FEB.AFE_DataPath_inst.\\Gen_Two_AFEs(0)\ .\\Gen_Eight_Chans(4)\ .AFEBuff.inst.\native_mem_module.blk_mem_gen_v8_4_5_inst , A write address: 0, B  read address: 0
blk_mem_gen_v8_4_5 collision detected at time: 63490625, Instance: Datapath_Testbench.FEB.AFE_DataPath_inst.\\Gen_Two_AFEs(0)\ .\\Gen_Eight_Chans(5)\ .AFEBuff.inst.\native_mem_module.blk_mem_gen_v8_4_5_inst , A write address: 0, B  read address: 0
blk_mem_gen_v8_4_5 collision detected at time: 63490625, Instance: Datapath_Testbench.FEB.AFE_DataPath_inst.\\Gen_Two_AFEs(0)\ .\\Gen_Eight_Chans(6)\ .AFEBuff.inst.\native_mem_module.blk_mem_gen_v8_4_5_inst , A write address: 0, B  read address: 0
blk_mem_gen_v8_4_5 collision detected at time: 63490625, Instance: Datapath_Testbench.FEB.AFE_DataPath_inst.\\Gen_Two_AFEs(0)\ .\\Gen_Eight_Chans(7)\ .AFEBuff.inst.\native_mem_module.blk_mem_gen_v8_4_5_inst , A write address: 0, B  read address: 0
blk_mem_gen_v8_4_5 collision detected at time: 63490625