Copyright 1986-2022 Xilinx, Inc. All Rights Reserved. Copyright 2022-2023 Advanced Micro Devices, Inc. All Rights Reserved.
---------------------------------------------------------------------------------------------------------------------------------------------
| Tool Version : Vivado v.2023.1 (win64) Build 3865809 Sun May  7 15:05:29 MDT 2023
| Date         : Thu Jun  1 16:02:28 2023
| Host         : CD-135239 running 64-bit major release  (build 9200)
| Command      : upgrade_ip
| Device       : xc7s50csga324-1
---------------------------------------------------------------------------------------------------------------------------------------------

Upgrade Log for IP 'iuCD_FIFO'

1. Summary
----------

SUCCESS in the upgrade of iuCD_FIFO (xilinx.com:ip:fifo_generator:13.2) from (Rev. 7) to (Rev. 8)






Copyright 1986-2022 Xilinx, Inc. All Rights Reserved. Copyright 2022-2023 Advanced Micro Devices, Inc. All Rights Reserved.
---------------------------------------------------------------------------------------------------------------------------------------------
| Tool Version : Vivado v.2023.1 (win64) Build 3865809 Sun May  7 15:05:29 MDT 2023
| Date         : Thu Jun  1 16:02:27 2023
| Host         : CD-135239 running 64-bit major release  (build 9200)
| Command      : upgrade_ip
| Device       : xc7s50csga324-1
---------------------------------------------------------------------------------------------------------------------------------------------

Upgrade Log for IP 'Trigger_ila'

1. Summary
----------

SUCCESS in the upgrade of Trigger_ila (xilinx.com:ip:ila:6.2) from (Rev. 12) to (Rev. 13)






Copyright 1986-2022 Xilinx, Inc. All Rights Reserved. Copyright 2022-2023 Advanced Micro Devices, Inc. All Rights Reserved.
---------------------------------------------------------------------------------------------------------------------------------------------
| Tool Version : Vivado v.2023.1 (win64) Build 3865809 Sun May  7 15:05:29 MDT 2023
| Date         : Thu Jun  1 16:02:23 2023
| Host         : CD-135239 running 64-bit major release  (build 9200)
| Command      : upgrade_ip
| Device       : xc7s50csga324-1
---------------------------------------------------------------------------------------------------------------------------------------------

Upgrade Log for IP 'SCFIFO_32x256'

1. Summary
----------

SUCCESS in the upgrade of SCFIFO_32x256 (xilinx.com:ip:fifo_generator:13.2) from (Rev. 7) to (Rev. 8)






Copyright 1986-2022 Xilinx, Inc. All Rights Reserved. Copyright 2022-2023 Advanced Micro Devices, Inc. All Rights Reserved.
---------------------------------------------------------------------------------------------------------------------------------------------
| Tool Version : Vivado v.2023.1 (win64) Build 3865809 Sun May  7 15:05:29 MDT 2023
| Date         : Thu Jun  1 16:02:23 2023
| Host         : CD-135239 running 64-bit major release  (build 9200)
| Command      : upgrade_ip
| Device       : xc7s50csga324-1
---------------------------------------------------------------------------------------------------------------------------------------------

Upgrade Log for IP 'SCFIFO_1Kx16'

1. Summary
----------

SUCCESS in the upgrade of SCFIFO_1Kx16 (xilinx.com:ip:fifo_generator:13.2) from (Rev. 7) to (Rev. 8)






Copyright 1986-2022 Xilinx, Inc. All Rights Reserved. Copyright 2022-2023 Advanced Micro Devices, Inc. All Rights Reserved.
---------------------------------------------------------------------------------------------------------------------------------------------
| Tool Version : Vivado v.2023.1 (win64) Build 3865809 Sun May  7 15:05:29 MDT 2023
| Date         : Thu Jun  1 16:02:23 2023
| Host         : CD-135239 running 64-bit major release  (build 9200)
| Command      : upgrade_ip
| Device       : xc7s50csga324-1
---------------------------------------------------------------------------------------------------------------------------------------------

Upgrade Log for IP 'LVDSTxBuff'

1. Summary
----------

SUCCESS in the upgrade of LVDSTxBuff (xilinx.com:ip:fifo_generator:13.2) from (Rev. 7) to (Rev. 8)






Copyright 1986-2022 Xilinx, Inc. All Rights Reserved. Copyright 2022-2023 Advanced Micro Devices, Inc. All Rights Reserved.
---------------------------------------------------------------------------------------------------------------------------------------------
| Tool Version : Vivado v.2023.1 (win64) Build 3865809 Sun May  7 15:05:29 MDT 2023
| Date         : Thu Jun  1 16:02:22 2023
| Host         : CD-135239 running 64-bit major release  (build 9200)
| Command      : upgrade_ip
| Device       : xc7s50csga324-1
---------------------------------------------------------------------------------------------------------------------------------------------

Upgrade Log for IP 'Hist_Ram'

1. Summary
----------

SUCCESS in the upgrade of Hist_Ram (xilinx.com:ip:blk_mem_gen:8.4) from (Rev. 5) to (Rev. 6)






Copyright 1986-2022 Xilinx, Inc. All Rights Reserved. Copyright 2022-2023 Advanced Micro Devices, Inc. All Rights Reserved.
---------------------------------------------------------------------------------------------------------------------------------------------
| Tool Version : Vivado v.2023.1 (win64) Build 3865809 Sun May  7 15:05:29 MDT 2023
| Date         : Thu Jun  1 16:02:21 2023
| Host         : CD-135239 running 64-bit major release  (build 9200)
| Command      : upgrade_ip
| Device       : xc7s50csga324-1
---------------------------------------------------------------------------------------------------------------------------------------------

Upgrade Log for IP 'EVB_ila0'

1. Summary
----------

SUCCESS in the upgrade of EVB_ila0 (xilinx.com:ip:ila:6.2) from (Rev. 12) to (Rev. 13)






Copyright 1986-2022 Xilinx, Inc. All Rights Reserved. Copyright 2022-2023 Advanced Micro Devices, Inc. All Rights Reserved.
---------------------------------------------------------------------------------------------------------------------------------------------
| Tool Version : Vivado v.2023.1 (win64) Build 3865809 Sun May  7 15:05:29 MDT 2023
| Date         : Thu Jun  1 16:02:17 2023
| Host         : CD-135239 running 64-bit major release  (build 9200)
| Command      : upgrade_ip
| Device       : xc7s50csga324-1
---------------------------------------------------------------------------------------------------------------------------------------------

Upgrade Log for IP 'DPRAM_1Kx16'

1. Summary
----------

SUCCESS in the upgrade of DPRAM_1Kx16 (xilinx.com:ip:blk_mem_gen:8.4) from (Rev. 5) to (Rev. 6)






Copyright 1986-2022 Xilinx, Inc. All Rights Reserved. Copyright 2022-2023 Advanced Micro Devices, Inc. All Rights Reserved.
---------------------------------------------------------------------------------------------------------------------------------------------
| Tool Version : Vivado v.2023.1 (win64) Build 3865809 Sun May  7 15:05:29 MDT 2023
| Date         : Thu Jun  1 16:02:16 2023
| Host         : CD-135239 running 64-bit major release  (build 9200)
| Command      : upgrade_ip
| Device       : xc7s50csga324-1
---------------------------------------------------------------------------------------------------------------------------------------------

Upgrade Log for IP 'AFEemu_ila'

1. Summary
----------

SUCCESS in the upgrade of AFEemu_ila (xilinx.com:ip:ila:6.2) from (Rev. 12) to (Rev. 13)






Copyright 1986-2022 Xilinx, Inc. All Rights Reserved. Copyright 2022-2023 Advanced Micro Devices, Inc. All Rights Reserved.
---------------------------------------------------------------------------------------------------------------------------------------------
| Tool Version : Vivado v.2023.1 (win64) Build 3865809 Sun May  7 15:05:29 MDT 2023
| Date         : Thu Jun  1 16:02:12 2023
| Host         : CD-135239 running 64-bit major release  (build 9200)
| Command      : upgrade_ip
| Device       : xc7s50csga324-1
---------------------------------------------------------------------------------------------------------------------------------------------

Upgrade Log for IP 'AFEemu'

1. Summary
----------

SUCCESS in the upgrade of AFEemu (xilinx.com:ip:blk_mem_gen:8.4) from (Rev. 5) to (Rev. 6)






Copyright 1986-2022 Xilinx, Inc. All Rights Reserved. Copyright 2022-2023 Advanced Micro Devices, Inc. All Rights Reserved.
---------------------------------------------------------------------------------------------------------------------------------------------
| Tool Version : Vivado v.2023.1 (win64) Build 3865809 Sun May  7 15:05:29 MDT 2023
| Date         : Thu Jun  1 16:02:11 2023
| Host         : CD-135239 running 64-bit major release  (build 9200)
| Command      : upgrade_ip
| Device       : xc7s50csga324-1
---------------------------------------------------------------------------------------------------------------------------------------------

Upgrade Log for IP 'AFE_DataPath_ila3'

1. Summary
----------

SUCCESS in the upgrade of AFE_DataPath_ila3 (xilinx.com:ip:ila:6.2) from (Rev. 12) to (Rev. 13)






Copyright 1986-2022 Xilinx, Inc. All Rights Reserved. Copyright 2022-2023 Advanced Micro Devices, Inc. All Rights Reserved.
---------------------------------------------------------------------------------------------------------------------------------------------
| Tool Version : Vivado v.2023.1 (win64) Build 3865809 Sun May  7 15:05:29 MDT 2023
| Date         : Thu Jun  1 16:02:07 2023
| Host         : CD-135239 running 64-bit major release  (build 9200)
| Command      : upgrade_ip
| Device       : xc7s50csga324-1
---------------------------------------------------------------------------------------------------------------------------------------------

Upgrade Log for IP 'AFE_DataPath_ila2'

1. Summary
----------

SUCCESS in the upgrade of AFE_DataPath_ila2 (xilinx.com:ip:ila:6.2) from (Rev. 12) to (Rev. 13)






Copyright 1986-2022 Xilinx, Inc. All Rights Reserved. Copyright 2022-2023 Advanced Micro Devices, Inc. All Rights Reserved.
---------------------------------------------------------------------------------------------------------------------------------------------
| Tool Version : Vivado v.2023.1 (win64) Build 3865809 Sun May  7 15:05:29 MDT 2023
| Date         : Thu Jun  1 16:02:04 2023
| Host         : CD-135239 running 64-bit major release  (build 9200)
| Command      : upgrade_ip
| Device       : xc7s50csga324-1
---------------------------------------------------------------------------------------------------------------------------------------------

Upgrade Log for IP 'AFE_DataPath_ila1'

1. Summary
----------

SUCCESS in the upgrade of AFE_DataPath_ila1 (xilinx.com:ip:ila:6.2) from (Rev. 12) to (Rev. 13)






Copyright 1986-2022 Xilinx, Inc. All Rights Reserved. Copyright 2022-2023 Advanced Micro Devices, Inc. All Rights Reserved.
---------------------------------------------------------------------------------------------------------------------------------------------
| Tool Version : Vivado v.2023.1 (win64) Build 3865809 Sun May  7 15:05:29 MDT 2023
| Date         : Thu Jun  1 16:02:00 2023
| Host         : CD-135239 running 64-bit major release  (build 9200)
| Command      : upgrade_ip
| Device       : xc7s50csga324-1
---------------------------------------------------------------------------------------------------------------------------------------------

Upgrade Log for IP 'AFE_DataPath_ila0'

1. Summary
----------

SUCCESS in the upgrade of AFE_DataPath_ila0 (xilinx.com:ip:ila:6.2) from (Rev. 12) to (Rev. 13)






Copyright 1986-2022 Xilinx, Inc. All Rights Reserved. Copyright 2022-2023 Advanced Micro Devices, Inc. All Rights Reserved.
---------------------------------------------------------------------------------------------------------------------------------------------
| Tool Version : Vivado v.2023.1 (win64) Build 3865809 Sun May  7 15:05:29 MDT 2023
| Date         : Thu Jun  1 16:01:55 2023
| Host         : CD-135239 running 64-bit major release  (build 9200)
| Command      : upgrade_ip
| Device       : xc7s50csga324-1
---------------------------------------------------------------------------------------------------------------------------------------------

Upgrade Log for IP 'AFE_DP_Pipeline'

1. Summary
----------

SUCCESS in the upgrade of AFE_DP_Pipeline (xilinx.com:ip:blk_mem_gen:8.4) from (Rev. 5) to (Rev. 6)

