Copyright 1986-2022 Xilinx, Inc. All Rights Reserved. Copyright 2022-2023 Advanced Micro Devices, Inc. All Rights Reserved.
---------------------------------------------------------------------------------------------------------------------------------------------
| Tool Version : Vivado v.2023.1 (win64) Build 3865809 Sun May  7 15:05:29 MDT 2023
| Date         : Thu Jun  1 16:59:05 2023
| Host         : CD-135239 running 64-bit major release  (build 9200)
| Command      : report_drc -file FEB_fabric_drc_opted.rpt -pb FEB_fabric_drc_opted.pb -rpx FEB_fabric_drc_opted.rpx
| Design       : FEB_fabric
| Device       : xc7s50csga324-1
| Speed File   : -1
| Design State : Synthesized
---------------------------------------------------------------------------------------------------------------------------------------------

Report DRC

Table of Contents
-----------------
1. REPORT SUMMARY
2. REPORT DETAILS

1. REPORT SUMMARY
-----------------
            Netlist: netlist
          Floorplan: design_1
      Design limits: <entire design considered>
           Ruledeck: default
             Max violations: <unlimited>
             Violations found: 71
+-----------+------------------+-----------------------------------------------------+------------+
| Rule      | Severity         | Description                                         | Violations |
+-----------+------------------+-----------------------------------------------------+------------+
| BIVC-1    | Error            | Bank IO standard Vcc                                | 1          |
| PLCK-87   | Error            | Clock Placer Checks                                 | 1          |
| NSTD-1    | Critical Warning | Unspecified I/O Standard                            | 1          |
| UCIO-1    | Critical Warning | Unconstrained Logical Port                          | 1          |
| CFGBVS-1  | Warning          | Missing CFGBVS and CONFIG_VOLTAGE Design Properties | 1          |
| CHECK-3   | Warning          | Report rule limit reached                           | 2          |
| IOSR-1    | Warning          | IOB set reset sharing                               | 13         |
| PLCK-12   | Warning          | Clock Placer Checks                                 | 1          |
| REQP-1709 | Warning          | Clock output buffering                              | 1          |
| REQP-1839 | Warning          | RAMB36 async control check                          | 20         |
| REQP-1840 | Warning          | RAMB18 async control check                          | 20         |
| RPBF-3    | Warning          | IO port buffering is incomplete                     | 5          |
| REQP-181  | Advisory         | writefirst                                          | 4          |
+-----------+------------------+-----------------------------------------------------+------------+

2. REPORT DETAILS
-----------------
BIVC-1#1 Error
Bank IO standard Vcc  - IOBank:34
Conflicting Vcc voltages in bank 34. For example, the following two ports in this bank have conflicting VCCOs:  
DDR_CLKP[0] (DIFF_SSTL135, requiring VCCO=1.350) and Clk_100MHz (LVCMOS18, requiring VCCO=1.800)
Related violations: <none>

PLCK-87#1 Error
Clock Placer Checks  
IO/clock placer failed to collectively place all IOs and clock instances. This is likely due to design requirements or user constraints specified in the constraint file such as IO standards, bank/voltage/DCI/VREF specifications, together with the part and package being used for the implementation. Please check the above for any possible conflicts.

Related violations: <none>

NSTD-1#1 Critical Warning
Unspecified I/O Standard  
23 out of 109 logical ports use I/O standard (IOSTANDARD) value 'DEFAULT', instead of a user assigned specific value. This may cause I/O contention or incompatibility with the board power or connectivity affecting performance, signal integrity or in extreme cases cause damage to the device or the components to which it is connected. To correct this violation, specify all I/O standards. This design will fail to generate a bitstream unless all logical ports have a user specified I/O standard value defined. To allow bitstream creation with unspecified I/O standard values (not recommended), use this command: set_property SEVERITY {Warning} [get_drc_checks NSTD-1].  NOTE: When using the Vivado Runs infrastructure (e.g. launch_runs Tcl command), add this command to a .tcl file and add that file as a pre-hook for write_bitstream step for the implementation run. Problem ports: A7, Clk_100MHz, LVDSTX, Temp[3:0], iuCD[15:0].
Related violations: <none>

UCIO-1#1 Critical Warning
Unconstrained Logical Port  
22 out of 109 logical ports have no user assigned specific location constraint (LOC). This may cause I/O contention or incompatibility with the board power or connectivity affecting performance, signal integrity or in extreme cases cause damage to the device or the components to which it is connected. To correct this violation, specify all pin locations. This design will fail to generate a bitstream unless all logical ports have a user specified site LOC constraint defined.  To allow bitstream creation with unspecified pin locations (not recommended), use this command: set_property SEVERITY {Warning} [get_drc_checks UCIO-1].  NOTE: When using the Vivado Runs infrastructure (e.g. launch_runs Tcl command), add this command to a .tcl file and add that file as a pre-hook for write_bitstream step for the implementation run.  Problem ports: A7, LVDSTX, Temp[3:0], iuCD[15:0].
Related violations: <none>

CFGBVS-1#1 Warning
Missing CFGBVS and CONFIG_VOLTAGE Design Properties  
Neither the CFGBVS nor CONFIG_VOLTAGE voltage property is set in the current_design.  Configuration bank voltage select (CFGBVS) must be set to VCCO or GND, and CONFIG_VOLTAGE must be set to the correct configuration voltage, in order to determine the I/O voltage support for the pins in bank 0.  It is suggested to specify these either using the 'Edit Device Properties' function in the GUI or directly in the XDC file using the following syntax:

 set_property CFGBVS value1 [current_design]
 #where value1 is either VCCO or GND

 set_property CONFIG_VOLTAGE value2 [current_design]
 #where value2 is the voltage provided to configuration bank 0

Refer to the device configuration user guide for more information.
Related violations: <none>

CHECK-3#1 Warning
Report rule limit reached  
REQP-1839 rule limit reached: 20 violations have been found.
Related violations: <none>

CHECK-3#2 Warning
Report rule limit reached  
REQP-1840 rule limit reached: 20 violations have been found.
Related violations: <none>

IOSR-1#1 Warning
IOB set reset sharing  
IO uCD[0] connects to flops which have these AFE_DataPath_inst/Gen_Two_AFEs[0].MaskReg[0][7]_i_2_n_0, Hist/AR[0]
Trigger_logic/FMRx1/CpldRst_IBUF_BUFG_inst set/reset signals.  For optimal IOB flop packing there should be only one set/reset signal coming into the IOB.
Related violations: <none>

IOSR-1#2 Warning
IOB set reset sharing  
IO uCD[10] connects to flops which have these AFE_DataPath_inst/Gen_Two_AFEs[0].MaskReg[0][7]_i_2_n_0, Hist/AR[0] set/reset signals.  For optimal IOB flop packing there should be only one set/reset signal coming into the IOB.
Related violations: <none>

IOSR-1#3 Warning
IOB set reset sharing  
IO uCD[11] connects to flops which have these AFE_DataPath_inst/Gen_Two_AFEs[0].MaskReg[0][7]_i_2_n_0, Hist/AR[0] set/reset signals.  For optimal IOB flop packing there should be only one set/reset signal coming into the IOB.
Related violations: <none>

IOSR-1#4 Warning
IOB set reset sharing  
IO uCD[12] connects to flops which have these AFE_DataPath_inst/Gen_Two_AFEs[0].MaskReg[0][7]_i_2_n_0, Hist/AR[0] set/reset signals.  For optimal IOB flop packing there should be only one set/reset signal coming into the IOB.
Related violations: <none>

IOSR-1#5 Warning
IOB set reset sharing  
IO uCD[1] connects to flops which have these AFE_DataPath_inst/Gen_Two_AFEs[0].MaskReg[0][7]_i_2_n_0, Hist/AR[0]
Trigger_logic/FMRx1/CpldRst_IBUF_BUFG_inst set/reset signals.  For optimal IOB flop packing there should be only one set/reset signal coming into the IOB.
Related violations: <none>

IOSR-1#6 Warning
IOB set reset sharing  
IO uCD[2] connects to flops which have these AFE_DataPath_inst/Gen_Two_AFEs[0].MaskReg[0][7]_i_2_n_0, Hist/AR[0]
Trigger_logic/FMRx1/CpldRst_IBUF_BUFG_inst set/reset signals.  For optimal IOB flop packing there should be only one set/reset signal coming into the IOB.
Related violations: <none>

IOSR-1#7 Warning
IOB set reset sharing  
IO uCD[3] connects to flops which have these AFE_DataPath_inst/Gen_Two_AFEs[0].MaskReg[0][7]_i_2_n_0, Hist/AR[0]
Trigger_logic/FMRx1/CpldRst_IBUF_BUFG_inst set/reset signals.  For optimal IOB flop packing there should be only one set/reset signal coming into the IOB.
Related violations: <none>

IOSR-1#8 Warning
IOB set reset sharing  
IO uCD[4] connects to flops which have these AFE_DataPath_inst/Gen_Two_AFEs[0].MaskReg[0][7]_i_2_n_0, Hist/AR[0]
Trigger_logic/FMRx1/CpldRst_IBUF_BUFG_inst set/reset signals.  For optimal IOB flop packing there should be only one set/reset signal coming into the IOB.
Related violations: <none>

IOSR-1#9 Warning
IOB set reset sharing  
IO uCD[5] connects to flops which have these AFE_DataPath_inst/Gen_Two_AFEs[0].MaskReg[0][7]_i_2_n_0, Hist/AR[0]
Trigger_logic/FMRx1/CpldRst_IBUF_BUFG_inst set/reset signals.  For optimal IOB flop packing there should be only one set/reset signal coming into the IOB.
Related violations: <none>

IOSR-1#10 Warning
IOB set reset sharing  
IO uCD[6] connects to flops which have these AFE_DataPath_inst/Gen_Two_AFEs[0].MaskReg[0][7]_i_2_n_0, Hist/AR[0]
Trigger_logic/FMRx1/CpldRst_IBUF_BUFG_inst set/reset signals.  For optimal IOB flop packing there should be only one set/reset signal coming into the IOB.
Related violations: <none>

IOSR-1#11 Warning
IOB set reset sharing  
IO uCD[7] connects to flops which have these AFE_DataPath_inst/Gen_Two_AFEs[0].MaskReg[0][7]_i_2_n_0, Hist/AR[0]
Trigger_logic/FMRx1/CpldRst_IBUF_BUFG_inst set/reset signals.  For optimal IOB flop packing there should be only one set/reset signal coming into the IOB.
Related violations: <none>

IOSR-1#12 Warning
IOB set reset sharing  
IO uCD[8] connects to flops which have these AFE_DataPath_inst/Gen_Two_AFEs[0].MaskReg[0][7]_i_2_n_0, Hist/AR[0]
Trigger_logic/FMRx1/CpldRst_IBUF_BUFG_inst set/reset signals.  For optimal IOB flop packing there should be only one set/reset signal coming into the IOB.
Related violations: <none>

IOSR-1#13 Warning
IOB set reset sharing  
IO uCD[9] connects to flops which have these AFE_DataPath_inst/Gen_Two_AFEs[0].MaskReg[0][7]_i_2_n_0, Hist/AR[0] set/reset signals.  For optimal IOB flop packing there should be only one set/reset signal coming into the IOB.
Related violations: <none>

PLCK-12#1 Warning
Clock Placer Checks  
Poor placement for routing between an IO pin and BUFG. 
Resolution: Poor placement of an IO pin and a BUFG has resulted in the router using a non-dedicated path between the two.  There are several things that could trigger this DRC, each of which can cause unpredictable clock insertion delays that result in poor timing.  This DRC could be caused by any of the following: (a) a clock port was placed on a pin that is not a CCIO-pin (b)the BUFG has not been placed in the same half of the device or SLR as the CCIO-pin (c) a single ended clock has been placed on the N-Side of a differential pair CCIO-pin.
 This is normally an ERROR but the CLOCK_DEDICATED_ROUTE constraint is set to FALSE allowing your design to continue. The use of this override is highly discouraged as it may lead to very poor timing results. It is recommended that this error condition be corrected in the design.

	CpldRst_IBUF_inst (IBUF.O) is locked to T18
	CpldRst_IBUF_BUFG_inst (BUFG.I) cannot be placed

Related violations: <none>

REQP-1709#1 Warning
Clock output buffering  
PLLE2_ADV connectivity violation. The signal DDR_Interface_inst/DDR_Controller/u_DDR3LController_mig/u_ddr3_infrastructure/pll_clk3_out on the DDR_Interface_inst/DDR_Controller/u_DDR3LController_mig/u_ddr3_infrastructure/plle2_i/CLKOUT3 pin of DDR_Interface_inst/DDR_Controller/u_DDR3LController_mig/u_ddr3_infrastructure/plle2_i does not drive the same kind of BUFFER load as the other CLKOUT pins. Routing from the different buffer types will not be phase aligned.
Related violations: <none>

REQP-1839#1 Warning
RAMB36 async control check  
The RAMB36E1 AFE_DataPath_inst/AFE_Pipeline_inst/Gen_Two_AFEs[0].Pipeline/U0/inst_blk_mem_gen/gnbram.gnativebmg.native_blk_mem_gen/valid.cstr/ramloop[0].ram.r/prim_noinit.ram/DEVICE_7SERIES.NO_BMM_INFO.SDP.WIDE_PRIM36_NO_ECC.ram has an input control pin AFE_DataPath_inst/AFE_Pipeline_inst/Gen_Two_AFEs[0].Pipeline/U0/inst_blk_mem_gen/gnbram.gnativebmg.native_blk_mem_gen/valid.cstr/ramloop[0].ram.r/prim_noinit.ram/DEVICE_7SERIES.NO_BMM_INFO.SDP.WIDE_PRIM36_NO_ECC.ram/ADDRARDADDR[10] (net: AFE_DataPath_inst/AFE_Pipeline_inst/Gen_Two_AFEs[0].Pipeline/U0/inst_blk_mem_gen/gnbram.gnativebmg.native_blk_mem_gen/valid.cstr/ramloop[0].ram.r/prim_noinit.ram/addrb[4]) which is driven by a register (AFE_DataPath_inst/AFE_Pipeline_inst/Gen_Two_AFEs[0].Gen_Eight_Chans[7].PipelineRdAdd_reg[0][4]) that has an active asychronous set or reset. This may cause corruption of the memory contents and/or read values when the set/reset is asserted and is not analyzed by the default static timing analysis. It is suggested to eliminate the use of a set/reset to registers driving this RAMB pin or else use a synchronous reset in which the assertion of the reset is timed by default.
Related violations: <none>

REQP-1839#2 Warning
RAMB36 async control check  
The RAMB36E1 AFE_DataPath_inst/AFE_Pipeline_inst/Gen_Two_AFEs[0].Pipeline/U0/inst_blk_mem_gen/gnbram.gnativebmg.native_blk_mem_gen/valid.cstr/ramloop[0].ram.r/prim_noinit.ram/DEVICE_7SERIES.NO_BMM_INFO.SDP.WIDE_PRIM36_NO_ECC.ram has an input control pin AFE_DataPath_inst/AFE_Pipeline_inst/Gen_Two_AFEs[0].Pipeline/U0/inst_blk_mem_gen/gnbram.gnativebmg.native_blk_mem_gen/valid.cstr/ramloop[0].ram.r/prim_noinit.ram/DEVICE_7SERIES.NO_BMM_INFO.SDP.WIDE_PRIM36_NO_ECC.ram/ADDRARDADDR[11] (net: AFE_DataPath_inst/AFE_Pipeline_inst/Gen_Two_AFEs[0].Pipeline/U0/inst_blk_mem_gen/gnbram.gnativebmg.native_blk_mem_gen/valid.cstr/ramloop[0].ram.r/prim_noinit.ram/addrb[5]) which is driven by a register (AFE_DataPath_inst/AFE_Pipeline_inst/Gen_Two_AFEs[0].Gen_Eight_Chans[7].PipelineRdAdd_reg[0][5]) that has an active asychronous set or reset. This may cause corruption of the memory contents and/or read values when the set/reset is asserted and is not analyzed by the default static timing analysis. It is suggested to eliminate the use of a set/reset to registers driving this RAMB pin or else use a synchronous reset in which the assertion of the reset is timed by default.
Related violations: <none>

REQP-1839#3 Warning
RAMB36 async control check  
The RAMB36E1 AFE_DataPath_inst/AFE_Pipeline_inst/Gen_Two_AFEs[0].Pipeline/U0/inst_blk_mem_gen/gnbram.gnativebmg.native_blk_mem_gen/valid.cstr/ramloop[0].ram.r/prim_noinit.ram/DEVICE_7SERIES.NO_BMM_INFO.SDP.WIDE_PRIM36_NO_ECC.ram has an input control pin AFE_DataPath_inst/AFE_Pipeline_inst/Gen_Two_AFEs[0].Pipeline/U0/inst_blk_mem_gen/gnbram.gnativebmg.native_blk_mem_gen/valid.cstr/ramloop[0].ram.r/prim_noinit.ram/DEVICE_7SERIES.NO_BMM_INFO.SDP.WIDE_PRIM36_NO_ECC.ram/ADDRARDADDR[12] (net: AFE_DataPath_inst/AFE_Pipeline_inst/Gen_Two_AFEs[0].Pipeline/U0/inst_blk_mem_gen/gnbram.gnativebmg.native_blk_mem_gen/valid.cstr/ramloop[0].ram.r/prim_noinit.ram/addrb[6]) which is driven by a register (AFE_DataPath_inst/AFE_Pipeline_inst/Gen_Two_AFEs[0].Gen_Eight_Chans[7].PipelineRdAdd_reg[0][6]) that has an active asychronous set or reset. This may cause corruption of the memory contents and/or read values when the set/reset is asserted and is not analyzed by the default static timing analysis. It is suggested to eliminate the use of a set/reset to registers driving this RAMB pin or else use a synchronous reset in which the assertion of the reset is timed by default.
Related violations: <none>

REQP-1839#4 Warning
RAMB36 async control check  
The RAMB36E1 AFE_DataPath_inst/AFE_Pipeline_inst/Gen_Two_AFEs[0].Pipeline/U0/inst_blk_mem_gen/gnbram.gnativebmg.native_blk_mem_gen/valid.cstr/ramloop[0].ram.r/prim_noinit.ram/DEVICE_7SERIES.NO_BMM_INFO.SDP.WIDE_PRIM36_NO_ECC.ram has an input control pin AFE_DataPath_inst/AFE_Pipeline_inst/Gen_Two_AFEs[0].Pipeline/U0/inst_blk_mem_gen/gnbram.gnativebmg.native_blk_mem_gen/valid.cstr/ramloop[0].ram.r/prim_noinit.ram/DEVICE_7SERIES.NO_BMM_INFO.SDP.WIDE_PRIM36_NO_ECC.ram/ADDRARDADDR[13] (net: AFE_DataPath_inst/AFE_Pipeline_inst/Gen_Two_AFEs[0].Pipeline/U0/inst_blk_mem_gen/gnbram.gnativebmg.native_blk_mem_gen/valid.cstr/ramloop[0].ram.r/prim_noinit.ram/addrb[7]) which is driven by a register (AFE_DataPath_inst/AFE_Pipeline_inst/Gen_Two_AFEs[0].Gen_Eight_Chans[7].PipelineRdAdd_reg[0][7]) that has an active asychronous set or reset. This may cause corruption of the memory contents and/or read values when the set/reset is asserted and is not analyzed by the default static timing analysis. It is suggested to eliminate the use of a set/reset to registers driving this RAMB pin or else use a synchronous reset in which the assertion of the reset is timed by default.
Related violations: <none>

REQP-1839#5 Warning
RAMB36 async control check  
The RAMB36E1 AFE_DataPath_inst/AFE_Pipeline_inst/Gen_Two_AFEs[0].Pipeline/U0/inst_blk_mem_gen/gnbram.gnativebmg.native_blk_mem_gen/valid.cstr/ramloop[0].ram.r/prim_noinit.ram/DEVICE_7SERIES.NO_BMM_INFO.SDP.WIDE_PRIM36_NO_ECC.ram has an input control pin AFE_DataPath_inst/AFE_Pipeline_inst/Gen_Two_AFEs[0].Pipeline/U0/inst_blk_mem_gen/gnbram.gnativebmg.native_blk_mem_gen/valid.cstr/ramloop[0].ram.r/prim_noinit.ram/DEVICE_7SERIES.NO_BMM_INFO.SDP.WIDE_PRIM36_NO_ECC.ram/ADDRARDADDR[6] (net: AFE_DataPath_inst/AFE_Pipeline_inst/Gen_Two_AFEs[0].Pipeline/U0/inst_blk_mem_gen/gnbram.gnativebmg.native_blk_mem_gen/valid.cstr/ramloop[0].ram.r/prim_noinit.ram/addrb[0]) which is driven by a register (AFE_DataPath_inst/AFE_Pipeline_inst/Gen_Two_AFEs[0].Gen_Eight_Chans[7].PipelineRdAdd_reg[0][0]) that has an active asychronous set or reset. This may cause corruption of the memory contents and/or read values when the set/reset is asserted and is not analyzed by the default static timing analysis. It is suggested to eliminate the use of a set/reset to registers driving this RAMB pin or else use a synchronous reset in which the assertion of the reset is timed by default.
Related violations: <none>

REQP-1839#6 Warning
RAMB36 async control check  
The RAMB36E1 AFE_DataPath_inst/AFE_Pipeline_inst/Gen_Two_AFEs[0].Pipeline/U0/inst_blk_mem_gen/gnbram.gnativebmg.native_blk_mem_gen/valid.cstr/ramloop[0].ram.r/prim_noinit.ram/DEVICE_7SERIES.NO_BMM_INFO.SDP.WIDE_PRIM36_NO_ECC.ram has an input control pin AFE_DataPath_inst/AFE_Pipeline_inst/Gen_Two_AFEs[0].Pipeline/U0/inst_blk_mem_gen/gnbram.gnativebmg.native_blk_mem_gen/valid.cstr/ramloop[0].ram.r/prim_noinit.ram/DEVICE_7SERIES.NO_BMM_INFO.SDP.WIDE_PRIM36_NO_ECC.ram/ADDRARDADDR[7] (net: AFE_DataPath_inst/AFE_Pipeline_inst/Gen_Two_AFEs[0].Pipeline/U0/inst_blk_mem_gen/gnbram.gnativebmg.native_blk_mem_gen/valid.cstr/ramloop[0].ram.r/prim_noinit.ram/addrb[1]) which is driven by a register (AFE_DataPath_inst/AFE_Pipeline_inst/Gen_Two_AFEs[0].Gen_Eight_Chans[7].PipelineRdAdd_reg[0][1]) that has an active asychronous set or reset. This may cause corruption of the memory contents and/or read values when the set/reset is asserted and is not analyzed by the default static timing analysis. It is suggested to eliminate the use of a set/reset to registers driving this RAMB pin or else use a synchronous reset in which the assertion of the reset is timed by default.
Related violations: <none>

REQP-1839#7 Warning
RAMB36 async control check  
The RAMB36E1 AFE_DataPath_inst/AFE_Pipeline_inst/Gen_Two_AFEs[0].Pipeline/U0/inst_blk_mem_gen/gnbram.gnativebmg.native_blk_mem_gen/valid.cstr/ramloop[0].ram.r/prim_noinit.ram/DEVICE_7SERIES.NO_BMM_INFO.SDP.WIDE_PRIM36_NO_ECC.ram has an input control pin AFE_DataPath_inst/AFE_Pipeline_inst/Gen_Two_AFEs[0].Pipeline/U0/inst_blk_mem_gen/gnbram.gnativebmg.native_blk_mem_gen/valid.cstr/ramloop[0].ram.r/prim_noinit.ram/DEVICE_7SERIES.NO_BMM_INFO.SDP.WIDE_PRIM36_NO_ECC.ram/ADDRARDADDR[8] (net: AFE_DataPath_inst/AFE_Pipeline_inst/Gen_Two_AFEs[0].Pipeline/U0/inst_blk_mem_gen/gnbram.gnativebmg.native_blk_mem_gen/valid.cstr/ramloop[0].ram.r/prim_noinit.ram/addrb[2]) which is driven by a register (AFE_DataPath_inst/AFE_Pipeline_inst/Gen_Two_AFEs[0].Gen_Eight_Chans[7].PipelineRdAdd_reg[0][2]) that has an active asychronous set or reset. This may cause corruption of the memory contents and/or read values when the set/reset is asserted and is not analyzed by the default static timing analysis. It is suggested to eliminate the use of a set/reset to registers driving this RAMB pin or else use a synchronous reset in which the assertion of the reset is timed by default.
Related violations: <none>

REQP-1839#8 Warning
RAMB36 async control check  
The RAMB36E1 AFE_DataPath_inst/AFE_Pipeline_inst/Gen_Two_AFEs[0].Pipeline/U0/inst_blk_mem_gen/gnbram.gnativebmg.native_blk_mem_gen/valid.cstr/ramloop[0].ram.r/prim_noinit.ram/DEVICE_7SERIES.NO_BMM_INFO.SDP.WIDE_PRIM36_NO_ECC.ram has an input control pin AFE_DataPath_inst/AFE_Pipeline_inst/Gen_Two_AFEs[0].Pipeline/U0/inst_blk_mem_gen/gnbram.gnativebmg.native_blk_mem_gen/valid.cstr/ramloop[0].ram.r/prim_noinit.ram/DEVICE_7SERIES.NO_BMM_INFO.SDP.WIDE_PRIM36_NO_ECC.ram/ADDRARDADDR[9] (net: AFE_DataPath_inst/AFE_Pipeline_inst/Gen_Two_AFEs[0].Pipeline/U0/inst_blk_mem_gen/gnbram.gnativebmg.native_blk_mem_gen/valid.cstr/ramloop[0].ram.r/prim_noinit.ram/addrb[3]) which is driven by a register (AFE_DataPath_inst/AFE_Pipeline_inst/Gen_Two_AFEs[0].Gen_Eight_Chans[7].PipelineRdAdd_reg[0][3]) that has an active asychronous set or reset. This may cause corruption of the memory contents and/or read values when the set/reset is asserted and is not analyzed by the default static timing analysis. It is suggested to eliminate the use of a set/reset to registers driving this RAMB pin or else use a synchronous reset in which the assertion of the reset is timed by default.
Related violations: <none>

REQP-1839#9 Warning
RAMB36 async control check  
The RAMB36E1 AFE_DataPath_inst/AFE_Pipeline_inst/Gen_Two_AFEs[0].Pipeline/U0/inst_blk_mem_gen/gnbram.gnativebmg.native_blk_mem_gen/valid.cstr/ramloop[0].ram.r/prim_noinit.ram/DEVICE_7SERIES.NO_BMM_INFO.SDP.WIDE_PRIM36_NO_ECC.ram has an input control pin AFE_DataPath_inst/AFE_Pipeline_inst/Gen_Two_AFEs[0].Pipeline/U0/inst_blk_mem_gen/gnbram.gnativebmg.native_blk_mem_gen/valid.cstr/ramloop[0].ram.r/prim_noinit.ram/DEVICE_7SERIES.NO_BMM_INFO.SDP.WIDE_PRIM36_NO_ECC.ram/ADDRBWRADDR[10] (net: AFE_DataPath_inst/AFE_Pipeline_inst/Gen_Two_AFEs[0].Pipeline/U0/inst_blk_mem_gen/gnbram.gnativebmg.native_blk_mem_gen/valid.cstr/ramloop[0].ram.r/prim_noinit.ram/addra[4]) which is driven by a register (AFE_DataPath_inst/AFE_Pipeline_inst/Gen_Two_AFEs[0].Gen_Eight_Chans[7].PipelineWrtAdd_reg[0][4]) that has an active asychronous set or reset. This may cause corruption of the memory contents and/or read values when the set/reset is asserted and is not analyzed by the default static timing analysis. It is suggested to eliminate the use of a set/reset to registers driving this RAMB pin or else use a synchronous reset in which the assertion of the reset is timed by default.
Related violations: <none>

REQP-1839#10 Warning
RAMB36 async control check  
The RAMB36E1 AFE_DataPath_inst/AFE_Pipeline_inst/Gen_Two_AFEs[0].Pipeline/U0/inst_blk_mem_gen/gnbram.gnativebmg.native_blk_mem_gen/valid.cstr/ramloop[0].ram.r/prim_noinit.ram/DEVICE_7SERIES.NO_BMM_INFO.SDP.WIDE_PRIM36_NO_ECC.ram has an input control pin AFE_DataPath_inst/AFE_Pipeline_inst/Gen_Two_AFEs[0].Pipeline/U0/inst_blk_mem_gen/gnbram.gnativebmg.native_blk_mem_gen/valid.cstr/ramloop[0].ram.r/prim_noinit.ram/DEVICE_7SERIES.NO_BMM_INFO.SDP.WIDE_PRIM36_NO_ECC.ram/ADDRBWRADDR[11] (net: AFE_DataPath_inst/AFE_Pipeline_inst/Gen_Two_AFEs[0].Pipeline/U0/inst_blk_mem_gen/gnbram.gnativebmg.native_blk_mem_gen/valid.cstr/ramloop[0].ram.r/prim_noinit.ram/addra[5]) which is driven by a register (AFE_DataPath_inst/AFE_Pipeline_inst/Gen_Two_AFEs[0].Gen_Eight_Chans[7].PipelineWrtAdd_reg[0][5]) that has an active asychronous set or reset. This may cause corruption of the memory contents and/or read values when the set/reset is asserted and is not analyzed by the default static timing analysis. It is suggested to eliminate the use of a set/reset to registers driving this RAMB pin or else use a synchronous reset in which the assertion of the reset is timed by default.
Related violations: <none>

REQP-1839#11 Warning
RAMB36 async control check  
The RAMB36E1 AFE_DataPath_inst/AFE_Pipeline_inst/Gen_Two_AFEs[0].Pipeline/U0/inst_blk_mem_gen/gnbram.gnativebmg.native_blk_mem_gen/valid.cstr/ramloop[0].ram.r/prim_noinit.ram/DEVICE_7SERIES.NO_BMM_INFO.SDP.WIDE_PRIM36_NO_ECC.ram has an input control pin AFE_DataPath_inst/AFE_Pipeline_inst/Gen_Two_AFEs[0].Pipeline/U0/inst_blk_mem_gen/gnbram.gnativebmg.native_blk_mem_gen/valid.cstr/ramloop[0].ram.r/prim_noinit.ram/DEVICE_7SERIES.NO_BMM_INFO.SDP.WIDE_PRIM36_NO_ECC.ram/ADDRBWRADDR[12] (net: AFE_DataPath_inst/AFE_Pipeline_inst/Gen_Two_AFEs[0].Pipeline/U0/inst_blk_mem_gen/gnbram.gnativebmg.native_blk_mem_gen/valid.cstr/ramloop[0].ram.r/prim_noinit.ram/addra[6]) which is driven by a register (AFE_DataPath_inst/AFE_Pipeline_inst/Gen_Two_AFEs[0].Gen_Eight_Chans[7].PipelineWrtAdd_reg[0][6]) that has an active asychronous set or reset. This may cause corruption of the memory contents and/or read values when the set/reset is asserted and is not analyzed by the default static timing analysis. It is suggested to eliminate the use of a set/reset to registers driving this RAMB pin or else use a synchronous reset in which the assertion of the reset is timed by default.
Related violations: <none>

REQP-1839#12 Warning
RAMB36 async control check  
The RAMB36E1 AFE_DataPath_inst/AFE_Pipeline_inst/Gen_Two_AFEs[0].Pipeline/U0/inst_blk_mem_gen/gnbram.gnativebmg.native_blk_mem_gen/valid.cstr/ramloop[0].ram.r/prim_noinit.ram/DEVICE_7SERIES.NO_BMM_INFO.SDP.WIDE_PRIM36_NO_ECC.ram has an input control pin AFE_DataPath_inst/AFE_Pipeline_inst/Gen_Two_AFEs[0].Pipeline/U0/inst_blk_mem_gen/gnbram.gnativebmg.native_blk_mem_gen/valid.cstr/ramloop[0].ram.r/prim_noinit.ram/DEVICE_7SERIES.NO_BMM_INFO.SDP.WIDE_PRIM36_NO_ECC.ram/ADDRBWRADDR[13] (net: AFE_DataPath_inst/AFE_Pipeline_inst/Gen_Two_AFEs[0].Pipeline/U0/inst_blk_mem_gen/gnbram.gnativebmg.native_blk_mem_gen/valid.cstr/ramloop[0].ram.r/prim_noinit.ram/addra[7]) which is driven by a register (AFE_DataPath_inst/AFE_Pipeline_inst/Gen_Two_AFEs[0].Gen_Eight_Chans[7].PipelineWrtAdd_reg[0][7]) that has an active asychronous set or reset. This may cause corruption of the memory contents and/or read values when the set/reset is asserted and is not analyzed by the default static timing analysis. It is suggested to eliminate the use of a set/reset to registers driving this RAMB pin or else use a synchronous reset in which the assertion of the reset is timed by default.
Related violations: <none>

REQP-1839#13 Warning
RAMB36 async control check  
The RAMB36E1 AFE_DataPath_inst/AFE_Pipeline_inst/Gen_Two_AFEs[0].Pipeline/U0/inst_blk_mem_gen/gnbram.gnativebmg.native_blk_mem_gen/valid.cstr/ramloop[0].ram.r/prim_noinit.ram/DEVICE_7SERIES.NO_BMM_INFO.SDP.WIDE_PRIM36_NO_ECC.ram has an input control pin AFE_DataPath_inst/AFE_Pipeline_inst/Gen_Two_AFEs[0].Pipeline/U0/inst_blk_mem_gen/gnbram.gnativebmg.native_blk_mem_gen/valid.cstr/ramloop[0].ram.r/prim_noinit.ram/DEVICE_7SERIES.NO_BMM_INFO.SDP.WIDE_PRIM36_NO_ECC.ram/ADDRBWRADDR[6] (net: AFE_DataPath_inst/AFE_Pipeline_inst/Gen_Two_AFEs[0].Pipeline/U0/inst_blk_mem_gen/gnbram.gnativebmg.native_blk_mem_gen/valid.cstr/ramloop[0].ram.r/prim_noinit.ram/addra[0]) which is driven by a register (AFE_DataPath_inst/AFE_Pipeline_inst/Gen_Two_AFEs[0].Gen_Eight_Chans[7].PipelineWrtAdd_reg[0][0]) that has an active asychronous set or reset. This may cause corruption of the memory contents and/or read values when the set/reset is asserted and is not analyzed by the default static timing analysis. It is suggested to eliminate the use of a set/reset to registers driving this RAMB pin or else use a synchronous reset in which the assertion of the reset is timed by default.
Related violations: <none>

REQP-1839#14 Warning
RAMB36 async control check  
The RAMB36E1 AFE_DataPath_inst/AFE_Pipeline_inst/Gen_Two_AFEs[0].Pipeline/U0/inst_blk_mem_gen/gnbram.gnativebmg.native_blk_mem_gen/valid.cstr/ramloop[0].ram.r/prim_noinit.ram/DEVICE_7SERIES.NO_BMM_INFO.SDP.WIDE_PRIM36_NO_ECC.ram has an input control pin AFE_DataPath_inst/AFE_Pipeline_inst/Gen_Two_AFEs[0].Pipeline/U0/inst_blk_mem_gen/gnbram.gnativebmg.native_blk_mem_gen/valid.cstr/ramloop[0].ram.r/prim_noinit.ram/DEVICE_7SERIES.NO_BMM_INFO.SDP.WIDE_PRIM36_NO_ECC.ram/ADDRBWRADDR[7] (net: AFE_DataPath_inst/AFE_Pipeline_inst/Gen_Two_AFEs[0].Pipeline/U0/inst_blk_mem_gen/gnbram.gnativebmg.native_blk_mem_gen/valid.cstr/ramloop[0].ram.r/prim_noinit.ram/addra[1]) which is driven by a register (AFE_DataPath_inst/AFE_Pipeline_inst/Gen_Two_AFEs[0].Gen_Eight_Chans[7].PipelineWrtAdd_reg[0][1]) that has an active asychronous set or reset. This may cause corruption of the memory contents and/or read values when the set/reset is asserted and is not analyzed by the default static timing analysis. It is suggested to eliminate the use of a set/reset to registers driving this RAMB pin or else use a synchronous reset in which the assertion of the reset is timed by default.
Related violations: <none>

REQP-1839#15 Warning
RAMB36 async control check  
The RAMB36E1 AFE_DataPath_inst/AFE_Pipeline_inst/Gen_Two_AFEs[0].Pipeline/U0/inst_blk_mem_gen/gnbram.gnativebmg.native_blk_mem_gen/valid.cstr/ramloop[0].ram.r/prim_noinit.ram/DEVICE_7SERIES.NO_BMM_INFO.SDP.WIDE_PRIM36_NO_ECC.ram has an input control pin AFE_DataPath_inst/AFE_Pipeline_inst/Gen_Two_AFEs[0].Pipeline/U0/inst_blk_mem_gen/gnbram.gnativebmg.native_blk_mem_gen/valid.cstr/ramloop[0].ram.r/prim_noinit.ram/DEVICE_7SERIES.NO_BMM_INFO.SDP.WIDE_PRIM36_NO_ECC.ram/ADDRBWRADDR[8] (net: AFE_DataPath_inst/AFE_Pipeline_inst/Gen_Two_AFEs[0].Pipeline/U0/inst_blk_mem_gen/gnbram.gnativebmg.native_blk_mem_gen/valid.cstr/ramloop[0].ram.r/prim_noinit.ram/addra[2]) which is driven by a register (AFE_DataPath_inst/AFE_Pipeline_inst/Gen_Two_AFEs[0].Gen_Eight_Chans[7].PipelineWrtAdd_reg[0][2]) that has an active asychronous set or reset. This may cause corruption of the memory contents and/or read values when the set/reset is asserted and is not analyzed by the default static timing analysis. It is suggested to eliminate the use of a set/reset to registers driving this RAMB pin or else use a synchronous reset in which the assertion of the reset is timed by default.
Related violations: <none>

REQP-1839#16 Warning
RAMB36 async control check  
The RAMB36E1 AFE_DataPath_inst/AFE_Pipeline_inst/Gen_Two_AFEs[0].Pipeline/U0/inst_blk_mem_gen/gnbram.gnativebmg.native_blk_mem_gen/valid.cstr/ramloop[0].ram.r/prim_noinit.ram/DEVICE_7SERIES.NO_BMM_INFO.SDP.WIDE_PRIM36_NO_ECC.ram has an input control pin AFE_DataPath_inst/AFE_Pipeline_inst/Gen_Two_AFEs[0].Pipeline/U0/inst_blk_mem_gen/gnbram.gnativebmg.native_blk_mem_gen/valid.cstr/ramloop[0].ram.r/prim_noinit.ram/DEVICE_7SERIES.NO_BMM_INFO.SDP.WIDE_PRIM36_NO_ECC.ram/ADDRBWRADDR[9] (net: AFE_DataPath_inst/AFE_Pipeline_inst/Gen_Two_AFEs[0].Pipeline/U0/inst_blk_mem_gen/gnbram.gnativebmg.native_blk_mem_gen/valid.cstr/ramloop[0].ram.r/prim_noinit.ram/addra[3]) which is driven by a register (AFE_DataPath_inst/AFE_Pipeline_inst/Gen_Two_AFEs[0].Gen_Eight_Chans[7].PipelineWrtAdd_reg[0][3]) that has an active asychronous set or reset. This may cause corruption of the memory contents and/or read values when the set/reset is asserted and is not analyzed by the default static timing analysis. It is suggested to eliminate the use of a set/reset to registers driving this RAMB pin or else use a synchronous reset in which the assertion of the reset is timed by default.
Related violations: <none>

REQP-1839#17 Warning
RAMB36 async control check  
The RAMB36E1 AFE_DataPath_inst/AFE_Pipeline_inst/Gen_Two_AFEs[0].Pipeline/U0/inst_blk_mem_gen/gnbram.gnativebmg.native_blk_mem_gen/valid.cstr/ramloop[0].ram.r/prim_noinit.ram/DEVICE_7SERIES.NO_BMM_INFO.SDP.WIDE_PRIM36_NO_ECC.ram has an input control pin AFE_DataPath_inst/AFE_Pipeline_inst/Gen_Two_AFEs[0].Pipeline/U0/inst_blk_mem_gen/gnbram.gnativebmg.native_blk_mem_gen/valid.cstr/ramloop[0].ram.r/prim_noinit.ram/DEVICE_7SERIES.NO_BMM_INFO.SDP.WIDE_PRIM36_NO_ECC.ram/ENBWREN (net: AFE_DataPath_inst/AFE_Pipeline_inst/Gen_Two_AFEs[0].Pipeline/U0/inst_blk_mem_gen/gnbram.gnativebmg.native_blk_mem_gen/valid.cstr/ramloop[0].ram.r/prim_noinit.ram/wea[0]) which is driven by a register (AFE_DataPath_inst/AFE_Pipeline_inst/Gen_Two_AFEs[1].Gen_Eight_Chans[7].PipelineWrtEn_reg[1]) that has an active asychronous set or reset. This may cause corruption of the memory contents and/or read values when the set/reset is asserted and is not analyzed by the default static timing analysis. It is suggested to eliminate the use of a set/reset to registers driving this RAMB pin or else use a synchronous reset in which the assertion of the reset is timed by default.
Related violations: <none>

REQP-1839#18 Warning
RAMB36 async control check  
The RAMB36E1 AFE_DataPath_inst/AFE_Pipeline_inst/Gen_Two_AFEs[0].Pipeline/U0/inst_blk_mem_gen/gnbram.gnativebmg.native_blk_mem_gen/valid.cstr/ramloop[1].ram.r/prim_noinit.ram/DEVICE_7SERIES.NO_BMM_INFO.SDP.WIDE_PRIM36_NO_ECC.ram has an input control pin AFE_DataPath_inst/AFE_Pipeline_inst/Gen_Two_AFEs[0].Pipeline/U0/inst_blk_mem_gen/gnbram.gnativebmg.native_blk_mem_gen/valid.cstr/ramloop[1].ram.r/prim_noinit.ram/DEVICE_7SERIES.NO_BMM_INFO.SDP.WIDE_PRIM36_NO_ECC.ram/ADDRARDADDR[11] (net: AFE_DataPath_inst/AFE_Pipeline_inst/Gen_Two_AFEs[0].Pipeline/U0/inst_blk_mem_gen/gnbram.gnativebmg.native_blk_mem_gen/valid.cstr/ramloop[1].ram.r/prim_noinit.ram/addrb[5]) which is driven by a register (AFE_DataPath_inst/AFE_Pipeline_inst/Gen_Two_AFEs[0].Gen_Eight_Chans[7].PipelineRdAdd_reg[0][5]) that has an active asychronous set or reset. This may cause corruption of the memory contents and/or read values when the set/reset is asserted and is not analyzed by the default static timing analysis. It is suggested to eliminate the use of a set/reset to registers driving this RAMB pin or else use a synchronous reset in which the assertion of the reset is timed by default.
Related violations: <none>

REQP-1839#19 Warning
RAMB36 async control check  
The RAMB36E1 AFE_DataPath_inst/AFE_Pipeline_inst/Gen_Two_AFEs[0].Pipeline/U0/inst_blk_mem_gen/gnbram.gnativebmg.native_blk_mem_gen/valid.cstr/ramloop[1].ram.r/prim_noinit.ram/DEVICE_7SERIES.NO_BMM_INFO.SDP.WIDE_PRIM36_NO_ECC.ram has an input control pin AFE_DataPath_inst/AFE_Pipeline_inst/Gen_Two_AFEs[0].Pipeline/U0/inst_blk_mem_gen/gnbram.gnativebmg.native_blk_mem_gen/valid.cstr/ramloop[1].ram.r/prim_noinit.ram/DEVICE_7SERIES.NO_BMM_INFO.SDP.WIDE_PRIM36_NO_ECC.ram/ADDRARDADDR[12] (net: AFE_DataPath_inst/AFE_Pipeline_inst/Gen_Two_AFEs[0].Pipeline/U0/inst_blk_mem_gen/gnbram.gnativebmg.native_blk_mem_gen/valid.cstr/ramloop[1].ram.r/prim_noinit.ram/addrb[6]) which is driven by a register (AFE_DataPath_inst/AFE_Pipeline_inst/Gen_Two_AFEs[0].Gen_Eight_Chans[7].PipelineRdAdd_reg[0][6]) that has an active asychronous set or reset. This may cause corruption of the memory contents and/or read values when the set/reset is asserted and is not analyzed by the default static timing analysis. It is suggested to eliminate the use of a set/reset to registers driving this RAMB pin or else use a synchronous reset in which the assertion of the reset is timed by default.
Related violations: <none>

REQP-1839#20 Warning
RAMB36 async control check  
The RAMB36E1 AFE_DataPath_inst/AFE_Pipeline_inst/Gen_Two_AFEs[0].Pipeline/U0/inst_blk_mem_gen/gnbram.gnativebmg.native_blk_mem_gen/valid.cstr/ramloop[1].ram.r/prim_noinit.ram/DEVICE_7SERIES.NO_BMM_INFO.SDP.WIDE_PRIM36_NO_ECC.ram has an input control pin AFE_DataPath_inst/AFE_Pipeline_inst/Gen_Two_AFEs[0].Pipeline/U0/inst_blk_mem_gen/gnbram.gnativebmg.native_blk_mem_gen/valid.cstr/ramloop[1].ram.r/prim_noinit.ram/DEVICE_7SERIES.NO_BMM_INFO.SDP.WIDE_PRIM36_NO_ECC.ram/ADDRARDADDR[13] (net: AFE_DataPath_inst/AFE_Pipeline_inst/Gen_Two_AFEs[0].Pipeline/U0/inst_blk_mem_gen/gnbram.gnativebmg.native_blk_mem_gen/valid.cstr/ramloop[1].ram.r/prim_noinit.ram/addrb[7]) which is driven by a register (AFE_DataPath_inst/AFE_Pipeline_inst/Gen_Two_AFEs[0].Gen_Eight_Chans[7].PipelineRdAdd_reg[0][7]) that has an active asychronous set or reset. This may cause corruption of the memory contents and/or read values when the set/reset is asserted and is not analyzed by the default static timing analysis. It is suggested to eliminate the use of a set/reset to registers driving this RAMB pin or else use a synchronous reset in which the assertion of the reset is timed by default.
Related violations: <none>

REQP-1840#1 Warning
RAMB18 async control check  
The RAMB18E1 AFE_DataPath_inst/Gen_Two_AFEs[0].Gen_Eight_Chans[0].AFEBuff/U0/inst_blk_mem_gen/gnbram.gnativebmg.native_blk_mem_gen/valid.cstr/ramloop[0].ram.r/prim_noinit.ram/DEVICE_7SERIES.NO_BMM_INFO.SDP.SIMPLE_PRIM18.ram has an input control pin AFE_DataPath_inst/Gen_Two_AFEs[0].Gen_Eight_Chans[0].AFEBuff/U0/inst_blk_mem_gen/gnbram.gnativebmg.native_blk_mem_gen/valid.cstr/ramloop[0].ram.r/prim_noinit.ram/DEVICE_7SERIES.NO_BMM_INFO.SDP.SIMPLE_PRIM18.ram/ADDRARDADDR[10] (net: AFE_DataPath_inst/Gen_Two_AFEs[0].Gen_Eight_Chans[0].AFEBuff/U0/inst_blk_mem_gen/gnbram.gnativebmg.native_blk_mem_gen/valid.cstr/ramloop[0].ram.r/prim_noinit.ram/addra[6]) which is driven by a register (AFE_DataPath_inst/Gen_Two_AFEs[0].Gen_Eight_Chans[0].BufferWrtAdd_reg[0][0][6]) that has an active asychronous set or reset. This may cause corruption of the memory contents and/or read values when the set/reset is asserted and is not analyzed by the default static timing analysis. It is suggested to eliminate the use of a set/reset to registers driving this RAMB pin or else use a synchronous reset in which the assertion of the reset is timed by default.
Related violations: <none>

REQP-1840#2 Warning
RAMB18 async control check  
The RAMB18E1 AFE_DataPath_inst/Gen_Two_AFEs[0].Gen_Eight_Chans[0].AFEBuff/U0/inst_blk_mem_gen/gnbram.gnativebmg.native_blk_mem_gen/valid.cstr/ramloop[0].ram.r/prim_noinit.ram/DEVICE_7SERIES.NO_BMM_INFO.SDP.SIMPLE_PRIM18.ram has an input control pin AFE_DataPath_inst/Gen_Two_AFEs[0].Gen_Eight_Chans[0].AFEBuff/U0/inst_blk_mem_gen/gnbram.gnativebmg.native_blk_mem_gen/valid.cstr/ramloop[0].ram.r/prim_noinit.ram/DEVICE_7SERIES.NO_BMM_INFO.SDP.SIMPLE_PRIM18.ram/ADDRARDADDR[11] (net: AFE_DataPath_inst/Gen_Two_AFEs[0].Gen_Eight_Chans[0].AFEBuff/U0/inst_blk_mem_gen/gnbram.gnativebmg.native_blk_mem_gen/valid.cstr/ramloop[0].ram.r/prim_noinit.ram/addra[7]) which is driven by a register (AFE_DataPath_inst/Gen_Two_AFEs[0].Gen_Eight_Chans[0].BufferWrtAdd_reg[0][0][7]) that has an active asychronous set or reset. This may cause corruption of the memory contents and/or read values when the set/reset is asserted and is not analyzed by the default static timing analysis. It is suggested to eliminate the use of a set/reset to registers driving this RAMB pin or else use a synchronous reset in which the assertion of the reset is timed by default.
Related violations: <none>

REQP-1840#3 Warning
RAMB18 async control check  
The RAMB18E1 AFE_DataPath_inst/Gen_Two_AFEs[0].Gen_Eight_Chans[0].AFEBuff/U0/inst_blk_mem_gen/gnbram.gnativebmg.native_blk_mem_gen/valid.cstr/ramloop[0].ram.r/prim_noinit.ram/DEVICE_7SERIES.NO_BMM_INFO.SDP.SIMPLE_PRIM18.ram has an input control pin AFE_DataPath_inst/Gen_Two_AFEs[0].Gen_Eight_Chans[0].AFEBuff/U0/inst_blk_mem_gen/gnbram.gnativebmg.native_blk_mem_gen/valid.cstr/ramloop[0].ram.r/prim_noinit.ram/DEVICE_7SERIES.NO_BMM_INFO.SDP.SIMPLE_PRIM18.ram/ADDRARDADDR[12] (net: AFE_DataPath_inst/Gen_Two_AFEs[0].Gen_Eight_Chans[0].AFEBuff/U0/inst_blk_mem_gen/gnbram.gnativebmg.native_blk_mem_gen/valid.cstr/ramloop[0].ram.r/prim_noinit.ram/addra[8]) which is driven by a register (AFE_DataPath_inst/Gen_Two_AFEs[0].Gen_Eight_Chans[0].BufferWrtAdd_reg[0][0][8]) that has an active asychronous set or reset. This may cause corruption of the memory contents and/or read values when the set/reset is asserted and is not analyzed by the default static timing analysis. It is suggested to eliminate the use of a set/reset to registers driving this RAMB pin or else use a synchronous reset in which the assertion of the reset is timed by default.
Related violations: <none>

REQP-1840#4 Warning
RAMB18 async control check  
The RAMB18E1 AFE_DataPath_inst/Gen_Two_AFEs[0].Gen_Eight_Chans[0].AFEBuff/U0/inst_blk_mem_gen/gnbram.gnativebmg.native_blk_mem_gen/valid.cstr/ramloop[0].ram.r/prim_noinit.ram/DEVICE_7SERIES.NO_BMM_INFO.SDP.SIMPLE_PRIM18.ram has an input control pin AFE_DataPath_inst/Gen_Two_AFEs[0].Gen_Eight_Chans[0].AFEBuff/U0/inst_blk_mem_gen/gnbram.gnativebmg.native_blk_mem_gen/valid.cstr/ramloop[0].ram.r/prim_noinit.ram/DEVICE_7SERIES.NO_BMM_INFO.SDP.SIMPLE_PRIM18.ram/ADDRARDADDR[13] (net: AFE_DataPath_inst/Gen_Two_AFEs[0].Gen_Eight_Chans[0].AFEBuff/U0/inst_blk_mem_gen/gnbram.gnativebmg.native_blk_mem_gen/valid.cstr/ramloop[0].ram.r/prim_noinit.ram/addra[9]) which is driven by a register (AFE_DataPath_inst/Gen_Two_AFEs[0].Gen_Eight_Chans[0].BufferWrtAdd_reg[0][0][9]) that has an active asychronous set or reset. This may cause corruption of the memory contents and/or read values when the set/reset is asserted and is not analyzed by the default static timing analysis. It is suggested to eliminate the use of a set/reset to registers driving this RAMB pin or else use a synchronous reset in which the assertion of the reset is timed by default.
Related violations: <none>

REQP-1840#5 Warning
RAMB18 async control check  
The RAMB18E1 AFE_DataPath_inst/Gen_Two_AFEs[0].Gen_Eight_Chans[0].AFEBuff/U0/inst_blk_mem_gen/gnbram.gnativebmg.native_blk_mem_gen/valid.cstr/ramloop[0].ram.r/prim_noinit.ram/DEVICE_7SERIES.NO_BMM_INFO.SDP.SIMPLE_PRIM18.ram has an input control pin AFE_DataPath_inst/Gen_Two_AFEs[0].Gen_Eight_Chans[0].AFEBuff/U0/inst_blk_mem_gen/gnbram.gnativebmg.native_blk_mem_gen/valid.cstr/ramloop[0].ram.r/prim_noinit.ram/DEVICE_7SERIES.NO_BMM_INFO.SDP.SIMPLE_PRIM18.ram/ADDRARDADDR[4] (net: AFE_DataPath_inst/Gen_Two_AFEs[0].Gen_Eight_Chans[0].AFEBuff/U0/inst_blk_mem_gen/gnbram.gnativebmg.native_blk_mem_gen/valid.cstr/ramloop[0].ram.r/prim_noinit.ram/addra[0]) which is driven by a register (AFE_DataPath_inst/Gen_Two_AFEs[0].Gen_Eight_Chans[0].BufferWrtAdd_reg[0][0][0]) that has an active asychronous set or reset. This may cause corruption of the memory contents and/or read values when the set/reset is asserted and is not analyzed by the default static timing analysis. It is suggested to eliminate the use of a set/reset to registers driving this RAMB pin or else use a synchronous reset in which the assertion of the reset is timed by default.
Related violations: <none>

REQP-1840#6 Warning
RAMB18 async control check  
The RAMB18E1 AFE_DataPath_inst/Gen_Two_AFEs[0].Gen_Eight_Chans[0].AFEBuff/U0/inst_blk_mem_gen/gnbram.gnativebmg.native_blk_mem_gen/valid.cstr/ramloop[0].ram.r/prim_noinit.ram/DEVICE_7SERIES.NO_BMM_INFO.SDP.SIMPLE_PRIM18.ram has an input control pin AFE_DataPath_inst/Gen_Two_AFEs[0].Gen_Eight_Chans[0].AFEBuff/U0/inst_blk_mem_gen/gnbram.gnativebmg.native_blk_mem_gen/valid.cstr/ramloop[0].ram.r/prim_noinit.ram/DEVICE_7SERIES.NO_BMM_INFO.SDP.SIMPLE_PRIM18.ram/ADDRARDADDR[5] (net: AFE_DataPath_inst/Gen_Two_AFEs[0].Gen_Eight_Chans[0].AFEBuff/U0/inst_blk_mem_gen/gnbram.gnativebmg.native_blk_mem_gen/valid.cstr/ramloop[0].ram.r/prim_noinit.ram/addra[1]) which is driven by a register (AFE_DataPath_inst/Gen_Two_AFEs[0].Gen_Eight_Chans[0].BufferWrtAdd_reg[0][0][1]) that has an active asychronous set or reset. This may cause corruption of the memory contents and/or read values when the set/reset is asserted and is not analyzed by the default static timing analysis. It is suggested to eliminate the use of a set/reset to registers driving this RAMB pin or else use a synchronous reset in which the assertion of the reset is timed by default.
Related violations: <none>

REQP-1840#7 Warning
RAMB18 async control check  
The RAMB18E1 AFE_DataPath_inst/Gen_Two_AFEs[0].Gen_Eight_Chans[0].AFEBuff/U0/inst_blk_mem_gen/gnbram.gnativebmg.native_blk_mem_gen/valid.cstr/ramloop[0].ram.r/prim_noinit.ram/DEVICE_7SERIES.NO_BMM_INFO.SDP.SIMPLE_PRIM18.ram has an input control pin AFE_DataPath_inst/Gen_Two_AFEs[0].Gen_Eight_Chans[0].AFEBuff/U0/inst_blk_mem_gen/gnbram.gnativebmg.native_blk_mem_gen/valid.cstr/ramloop[0].ram.r/prim_noinit.ram/DEVICE_7SERIES.NO_BMM_INFO.SDP.SIMPLE_PRIM18.ram/ADDRARDADDR[6] (net: AFE_DataPath_inst/Gen_Two_AFEs[0].Gen_Eight_Chans[0].AFEBuff/U0/inst_blk_mem_gen/gnbram.gnativebmg.native_blk_mem_gen/valid.cstr/ramloop[0].ram.r/prim_noinit.ram/addra[2]) which is driven by a register (AFE_DataPath_inst/Gen_Two_AFEs[0].Gen_Eight_Chans[0].BufferWrtAdd_reg[0][0][2]) that has an active asychronous set or reset. This may cause corruption of the memory contents and/or read values when the set/reset is asserted and is not analyzed by the default static timing analysis. It is suggested to eliminate the use of a set/reset to registers driving this RAMB pin or else use a synchronous reset in which the assertion of the reset is timed by default.
Related violations: <none>

REQP-1840#8 Warning
RAMB18 async control check  
The RAMB18E1 AFE_DataPath_inst/Gen_Two_AFEs[0].Gen_Eight_Chans[0].AFEBuff/U0/inst_blk_mem_gen/gnbram.gnativebmg.native_blk_mem_gen/valid.cstr/ramloop[0].ram.r/prim_noinit.ram/DEVICE_7SERIES.NO_BMM_INFO.SDP.SIMPLE_PRIM18.ram has an input control pin AFE_DataPath_inst/Gen_Two_AFEs[0].Gen_Eight_Chans[0].AFEBuff/U0/inst_blk_mem_gen/gnbram.gnativebmg.native_blk_mem_gen/valid.cstr/ramloop[0].ram.r/prim_noinit.ram/DEVICE_7SERIES.NO_BMM_INFO.SDP.SIMPLE_PRIM18.ram/ADDRARDADDR[7] (net: AFE_DataPath_inst/Gen_Two_AFEs[0].Gen_Eight_Chans[0].AFEBuff/U0/inst_blk_mem_gen/gnbram.gnativebmg.native_blk_mem_gen/valid.cstr/ramloop[0].ram.r/prim_noinit.ram/addra[3]) which is driven by a register (AFE_DataPath_inst/Gen_Two_AFEs[0].Gen_Eight_Chans[0].BufferWrtAdd_reg[0][0][3]) that has an active asychronous set or reset. This may cause corruption of the memory contents and/or read values when the set/reset is asserted and is not analyzed by the default static timing analysis. It is suggested to eliminate the use of a set/reset to registers driving this RAMB pin or else use a synchronous reset in which the assertion of the reset is timed by default.
Related violations: <none>

REQP-1840#9 Warning
RAMB18 async control check  
The RAMB18E1 AFE_DataPath_inst/Gen_Two_AFEs[0].Gen_Eight_Chans[0].AFEBuff/U0/inst_blk_mem_gen/gnbram.gnativebmg.native_blk_mem_gen/valid.cstr/ramloop[0].ram.r/prim_noinit.ram/DEVICE_7SERIES.NO_BMM_INFO.SDP.SIMPLE_PRIM18.ram has an input control pin AFE_DataPath_inst/Gen_Two_AFEs[0].Gen_Eight_Chans[0].AFEBuff/U0/inst_blk_mem_gen/gnbram.gnativebmg.native_blk_mem_gen/valid.cstr/ramloop[0].ram.r/prim_noinit.ram/DEVICE_7SERIES.NO_BMM_INFO.SDP.SIMPLE_PRIM18.ram/ADDRARDADDR[8] (net: AFE_DataPath_inst/Gen_Two_AFEs[0].Gen_Eight_Chans[0].AFEBuff/U0/inst_blk_mem_gen/gnbram.gnativebmg.native_blk_mem_gen/valid.cstr/ramloop[0].ram.r/prim_noinit.ram/addra[4]) which is driven by a register (AFE_DataPath_inst/Gen_Two_AFEs[0].Gen_Eight_Chans[0].BufferWrtAdd_reg[0][0][4]) that has an active asychronous set or reset. This may cause corruption of the memory contents and/or read values when the set/reset is asserted and is not analyzed by the default static timing analysis. It is suggested to eliminate the use of a set/reset to registers driving this RAMB pin or else use a synchronous reset in which the assertion of the reset is timed by default.
Related violations: <none>

REQP-1840#10 Warning
RAMB18 async control check  
The RAMB18E1 AFE_DataPath_inst/Gen_Two_AFEs[0].Gen_Eight_Chans[0].AFEBuff/U0/inst_blk_mem_gen/gnbram.gnativebmg.native_blk_mem_gen/valid.cstr/ramloop[0].ram.r/prim_noinit.ram/DEVICE_7SERIES.NO_BMM_INFO.SDP.SIMPLE_PRIM18.ram has an input control pin AFE_DataPath_inst/Gen_Two_AFEs[0].Gen_Eight_Chans[0].AFEBuff/U0/inst_blk_mem_gen/gnbram.gnativebmg.native_blk_mem_gen/valid.cstr/ramloop[0].ram.r/prim_noinit.ram/DEVICE_7SERIES.NO_BMM_INFO.SDP.SIMPLE_PRIM18.ram/ADDRARDADDR[9] (net: AFE_DataPath_inst/Gen_Two_AFEs[0].Gen_Eight_Chans[0].AFEBuff/U0/inst_blk_mem_gen/gnbram.gnativebmg.native_blk_mem_gen/valid.cstr/ramloop[0].ram.r/prim_noinit.ram/addra[5]) which is driven by a register (AFE_DataPath_inst/Gen_Two_AFEs[0].Gen_Eight_Chans[0].BufferWrtAdd_reg[0][0][5]) that has an active asychronous set or reset. This may cause corruption of the memory contents and/or read values when the set/reset is asserted and is not analyzed by the default static timing analysis. It is suggested to eliminate the use of a set/reset to registers driving this RAMB pin or else use a synchronous reset in which the assertion of the reset is timed by default.
Related violations: <none>

REQP-1840#11 Warning
RAMB18 async control check  
The RAMB18E1 AFE_DataPath_inst/Gen_Two_AFEs[0].Gen_Eight_Chans[0].AFEBuff/U0/inst_blk_mem_gen/gnbram.gnativebmg.native_blk_mem_gen/valid.cstr/ramloop[0].ram.r/prim_noinit.ram/DEVICE_7SERIES.NO_BMM_INFO.SDP.SIMPLE_PRIM18.ram has an input control pin AFE_DataPath_inst/Gen_Two_AFEs[0].Gen_Eight_Chans[0].AFEBuff/U0/inst_blk_mem_gen/gnbram.gnativebmg.native_blk_mem_gen/valid.cstr/ramloop[0].ram.r/prim_noinit.ram/DEVICE_7SERIES.NO_BMM_INFO.SDP.SIMPLE_PRIM18.ram/ENARDEN (net: AFE_DataPath_inst/Gen_Two_AFEs[0].Gen_Eight_Chans[0].AFEBuff/U0/inst_blk_mem_gen/gnbram.gnativebmg.native_blk_mem_gen/valid.cstr/ramloop[0].ram.r/prim_noinit.ram/wea[0]) which is driven by a register (AFE_DataPath_inst/Gen_Two_AFEs[0].Gen_Eight_Chans[0].BufferWE_reg[0][0]) that has an active asychronous set or reset. This may cause corruption of the memory contents and/or read values when the set/reset is asserted and is not analyzed by the default static timing analysis. It is suggested to eliminate the use of a set/reset to registers driving this RAMB pin or else use a synchronous reset in which the assertion of the reset is timed by default.
Related violations: <none>

REQP-1840#12 Warning
RAMB18 async control check  
The RAMB18E1 AFE_DataPath_inst/Gen_Two_AFEs[0].Gen_Eight_Chans[1].AFEBuff/U0/inst_blk_mem_gen/gnbram.gnativebmg.native_blk_mem_gen/valid.cstr/ramloop[0].ram.r/prim_noinit.ram/DEVICE_7SERIES.NO_BMM_INFO.SDP.SIMPLE_PRIM18.ram has an input control pin AFE_DataPath_inst/Gen_Two_AFEs[0].Gen_Eight_Chans[1].AFEBuff/U0/inst_blk_mem_gen/gnbram.gnativebmg.native_blk_mem_gen/valid.cstr/ramloop[0].ram.r/prim_noinit.ram/DEVICE_7SERIES.NO_BMM_INFO.SDP.SIMPLE_PRIM18.ram/ADDRARDADDR[10] (net: AFE_DataPath_inst/Gen_Two_AFEs[0].Gen_Eight_Chans[1].AFEBuff/U0/inst_blk_mem_gen/gnbram.gnativebmg.native_blk_mem_gen/valid.cstr/ramloop[0].ram.r/prim_noinit.ram/addra[6]) which is driven by a register (AFE_DataPath_inst/Gen_Two_AFEs[0].Gen_Eight_Chans[1].BufferWrtAdd_reg[0][1][6]) that has an active asychronous set or reset. This may cause corruption of the memory contents and/or read values when the set/reset is asserted and is not analyzed by the default static timing analysis. It is suggested to eliminate the use of a set/reset to registers driving this RAMB pin or else use a synchronous reset in which the assertion of the reset is timed by default.
Related violations: <none>

REQP-1840#13 Warning
RAMB18 async control check  
The RAMB18E1 AFE_DataPath_inst/Gen_Two_AFEs[0].Gen_Eight_Chans[1].AFEBuff/U0/inst_blk_mem_gen/gnbram.gnativebmg.native_blk_mem_gen/valid.cstr/ramloop[0].ram.r/prim_noinit.ram/DEVICE_7SERIES.NO_BMM_INFO.SDP.SIMPLE_PRIM18.ram has an input control pin AFE_DataPath_inst/Gen_Two_AFEs[0].Gen_Eight_Chans[1].AFEBuff/U0/inst_blk_mem_gen/gnbram.gnativebmg.native_blk_mem_gen/valid.cstr/ramloop[0].ram.r/prim_noinit.ram/DEVICE_7SERIES.NO_BMM_INFO.SDP.SIMPLE_PRIM18.ram/ADDRARDADDR[11] (net: AFE_DataPath_inst/Gen_Two_AFEs[0].Gen_Eight_Chans[1].AFEBuff/U0/inst_blk_mem_gen/gnbram.gnativebmg.native_blk_mem_gen/valid.cstr/ramloop[0].ram.r/prim_noinit.ram/addra[7]) which is driven by a register (AFE_DataPath_inst/Gen_Two_AFEs[0].Gen_Eight_Chans[1].BufferWrtAdd_reg[0][1][7]) that has an active asychronous set or reset. This may cause corruption of the memory contents and/or read values when the set/reset is asserted and is not analyzed by the default static timing analysis. It is suggested to eliminate the use of a set/reset to registers driving this RAMB pin or else use a synchronous reset in which the assertion of the reset is timed by default.
Related violations: <none>

REQP-1840#14 Warning
RAMB18 async control check  
The RAMB18E1 AFE_DataPath_inst/Gen_Two_AFEs[0].Gen_Eight_Chans[1].AFEBuff/U0/inst_blk_mem_gen/gnbram.gnativebmg.native_blk_mem_gen/valid.cstr/ramloop[0].ram.r/prim_noinit.ram/DEVICE_7SERIES.NO_BMM_INFO.SDP.SIMPLE_PRIM18.ram has an input control pin AFE_DataPath_inst/Gen_Two_AFEs[0].Gen_Eight_Chans[1].AFEBuff/U0/inst_blk_mem_gen/gnbram.gnativebmg.native_blk_mem_gen/valid.cstr/ramloop[0].ram.r/prim_noinit.ram/DEVICE_7SERIES.NO_BMM_INFO.SDP.SIMPLE_PRIM18.ram/ADDRARDADDR[12] (net: AFE_DataPath_inst/Gen_Two_AFEs[0].Gen_Eight_Chans[1].AFEBuff/U0/inst_blk_mem_gen/gnbram.gnativebmg.native_blk_mem_gen/valid.cstr/ramloop[0].ram.r/prim_noinit.ram/addra[8]) which is driven by a register (AFE_DataPath_inst/Gen_Two_AFEs[0].Gen_Eight_Chans[1].BufferWrtAdd_reg[0][1][8]) that has an active asychronous set or reset. This may cause corruption of the memory contents and/or read values when the set/reset is asserted and is not analyzed by the default static timing analysis. It is suggested to eliminate the use of a set/reset to registers driving this RAMB pin or else use a synchronous reset in which the assertion of the reset is timed by default.
Related violations: <none>

REQP-1840#15 Warning
RAMB18 async control check  
The RAMB18E1 AFE_DataPath_inst/Gen_Two_AFEs[0].Gen_Eight_Chans[1].AFEBuff/U0/inst_blk_mem_gen/gnbram.gnativebmg.native_blk_mem_gen/valid.cstr/ramloop[0].ram.r/prim_noinit.ram/DEVICE_7SERIES.NO_BMM_INFO.SDP.SIMPLE_PRIM18.ram has an input control pin AFE_DataPath_inst/Gen_Two_AFEs[0].Gen_Eight_Chans[1].AFEBuff/U0/inst_blk_mem_gen/gnbram.gnativebmg.native_blk_mem_gen/valid.cstr/ramloop[0].ram.r/prim_noinit.ram/DEVICE_7SERIES.NO_BMM_INFO.SDP.SIMPLE_PRIM18.ram/ADDRARDADDR[13] (net: AFE_DataPath_inst/Gen_Two_AFEs[0].Gen_Eight_Chans[1].AFEBuff/U0/inst_blk_mem_gen/gnbram.gnativebmg.native_blk_mem_gen/valid.cstr/ramloop[0].ram.r/prim_noinit.ram/addra[9]) which is driven by a register (AFE_DataPath_inst/Gen_Two_AFEs[0].Gen_Eight_Chans[1].BufferWrtAdd_reg[0][1][9]) that has an active asychronous set or reset. This may cause corruption of the memory contents and/or read values when the set/reset is asserted and is not analyzed by the default static timing analysis. It is suggested to eliminate the use of a set/reset to registers driving this RAMB pin or else use a synchronous reset in which the assertion of the reset is timed by default.
Related violations: <none>

REQP-1840#16 Warning
RAMB18 async control check  
The RAMB18E1 AFE_DataPath_inst/Gen_Two_AFEs[0].Gen_Eight_Chans[1].AFEBuff/U0/inst_blk_mem_gen/gnbram.gnativebmg.native_blk_mem_gen/valid.cstr/ramloop[0].ram.r/prim_noinit.ram/DEVICE_7SERIES.NO_BMM_INFO.SDP.SIMPLE_PRIM18.ram has an input control pin AFE_DataPath_inst/Gen_Two_AFEs[0].Gen_Eight_Chans[1].AFEBuff/U0/inst_blk_mem_gen/gnbram.gnativebmg.native_blk_mem_gen/valid.cstr/ramloop[0].ram.r/prim_noinit.ram/DEVICE_7SERIES.NO_BMM_INFO.SDP.SIMPLE_PRIM18.ram/ADDRARDADDR[5] (net: AFE_DataPath_inst/Gen_Two_AFEs[0].Gen_Eight_Chans[1].AFEBuff/U0/inst_blk_mem_gen/gnbram.gnativebmg.native_blk_mem_gen/valid.cstr/ramloop[0].ram.r/prim_noinit.ram/addra[1]) which is driven by a register (AFE_DataPath_inst/Gen_Two_AFEs[0].Gen_Eight_Chans[1].BufferWrtAdd_reg[0][1][1]) that has an active asychronous set or reset. This may cause corruption of the memory contents and/or read values when the set/reset is asserted and is not analyzed by the default static timing analysis. It is suggested to eliminate the use of a set/reset to registers driving this RAMB pin or else use a synchronous reset in which the assertion of the reset is timed by default.
Related violations: <none>

REQP-1840#17 Warning
RAMB18 async control check  
The RAMB18E1 AFE_DataPath_inst/Gen_Two_AFEs[0].Gen_Eight_Chans[1].AFEBuff/U0/inst_blk_mem_gen/gnbram.gnativebmg.native_blk_mem_gen/valid.cstr/ramloop[0].ram.r/prim_noinit.ram/DEVICE_7SERIES.NO_BMM_INFO.SDP.SIMPLE_PRIM18.ram has an input control pin AFE_DataPath_inst/Gen_Two_AFEs[0].Gen_Eight_Chans[1].AFEBuff/U0/inst_blk_mem_gen/gnbram.gnativebmg.native_blk_mem_gen/valid.cstr/ramloop[0].ram.r/prim_noinit.ram/DEVICE_7SERIES.NO_BMM_INFO.SDP.SIMPLE_PRIM18.ram/ADDRARDADDR[6] (net: AFE_DataPath_inst/Gen_Two_AFEs[0].Gen_Eight_Chans[1].AFEBuff/U0/inst_blk_mem_gen/gnbram.gnativebmg.native_blk_mem_gen/valid.cstr/ramloop[0].ram.r/prim_noinit.ram/addra[2]) which is driven by a register (AFE_DataPath_inst/Gen_Two_AFEs[0].Gen_Eight_Chans[1].BufferWrtAdd_reg[0][1][2]) that has an active asychronous set or reset. This may cause corruption of the memory contents and/or read values when the set/reset is asserted and is not analyzed by the default static timing analysis. It is suggested to eliminate the use of a set/reset to registers driving this RAMB pin or else use a synchronous reset in which the assertion of the reset is timed by default.
Related violations: <none>

REQP-1840#18 Warning
RAMB18 async control check  
The RAMB18E1 AFE_DataPath_inst/Gen_Two_AFEs[0].Gen_Eight_Chans[1].AFEBuff/U0/inst_blk_mem_gen/gnbram.gnativebmg.native_blk_mem_gen/valid.cstr/ramloop[0].ram.r/prim_noinit.ram/DEVICE_7SERIES.NO_BMM_INFO.SDP.SIMPLE_PRIM18.ram has an input control pin AFE_DataPath_inst/Gen_Two_AFEs[0].Gen_Eight_Chans[1].AFEBuff/U0/inst_blk_mem_gen/gnbram.gnativebmg.native_blk_mem_gen/valid.cstr/ramloop[0].ram.r/prim_noinit.ram/DEVICE_7SERIES.NO_BMM_INFO.SDP.SIMPLE_PRIM18.ram/ADDRARDADDR[7] (net: AFE_DataPath_inst/Gen_Two_AFEs[0].Gen_Eight_Chans[1].AFEBuff/U0/inst_blk_mem_gen/gnbram.gnativebmg.native_blk_mem_gen/valid.cstr/ramloop[0].ram.r/prim_noinit.ram/addra[3]) which is driven by a register (AFE_DataPath_inst/Gen_Two_AFEs[0].Gen_Eight_Chans[1].BufferWrtAdd_reg[0][1][3]) that has an active asychronous set or reset. This may cause corruption of the memory contents and/or read values when the set/reset is asserted and is not analyzed by the default static timing analysis. It is suggested to eliminate the use of a set/reset to registers driving this RAMB pin or else use a synchronous reset in which the assertion of the reset is timed by default.
Related violations: <none>

REQP-1840#19 Warning
RAMB18 async control check  
The RAMB18E1 AFE_DataPath_inst/Gen_Two_AFEs[0].Gen_Eight_Chans[1].AFEBuff/U0/inst_blk_mem_gen/gnbram.gnativebmg.native_blk_mem_gen/valid.cstr/ramloop[0].ram.r/prim_noinit.ram/DEVICE_7SERIES.NO_BMM_INFO.SDP.SIMPLE_PRIM18.ram has an input control pin AFE_DataPath_inst/Gen_Two_AFEs[0].Gen_Eight_Chans[1].AFEBuff/U0/inst_blk_mem_gen/gnbram.gnativebmg.native_blk_mem_gen/valid.cstr/ramloop[0].ram.r/prim_noinit.ram/DEVICE_7SERIES.NO_BMM_INFO.SDP.SIMPLE_PRIM18.ram/ADDRARDADDR[8] (net: AFE_DataPath_inst/Gen_Two_AFEs[0].Gen_Eight_Chans[1].AFEBuff/U0/inst_blk_mem_gen/gnbram.gnativebmg.native_blk_mem_gen/valid.cstr/ramloop[0].ram.r/prim_noinit.ram/addra[4]) which is driven by a register (AFE_DataPath_inst/Gen_Two_AFEs[0].Gen_Eight_Chans[1].BufferWrtAdd_reg[0][1][4]) that has an active asychronous set or reset. This may cause corruption of the memory contents and/or read values when the set/reset is asserted and is not analyzed by the default static timing analysis. It is suggested to eliminate the use of a set/reset to registers driving this RAMB pin or else use a synchronous reset in which the assertion of the reset is timed by default.
Related violations: <none>

REQP-1840#20 Warning
RAMB18 async control check  
The RAMB18E1 AFE_DataPath_inst/Gen_Two_AFEs[0].Gen_Eight_Chans[1].AFEBuff/U0/inst_blk_mem_gen/gnbram.gnativebmg.native_blk_mem_gen/valid.cstr/ramloop[0].ram.r/prim_noinit.ram/DEVICE_7SERIES.NO_BMM_INFO.SDP.SIMPLE_PRIM18.ram has an input control pin AFE_DataPath_inst/Gen_Two_AFEs[0].Gen_Eight_Chans[1].AFEBuff/U0/inst_blk_mem_gen/gnbram.gnativebmg.native_blk_mem_gen/valid.cstr/ramloop[0].ram.r/prim_noinit.ram/DEVICE_7SERIES.NO_BMM_INFO.SDP.SIMPLE_PRIM18.ram/ADDRARDADDR[9] (net: AFE_DataPath_inst/Gen_Two_AFEs[0].Gen_Eight_Chans[1].AFEBuff/U0/inst_blk_mem_gen/gnbram.gnativebmg.native_blk_mem_gen/valid.cstr/ramloop[0].ram.r/prim_noinit.ram/addra[5]) which is driven by a register (AFE_DataPath_inst/Gen_Two_AFEs[0].Gen_Eight_Chans[1].BufferWrtAdd_reg[0][1][5]) that has an active asychronous set or reset. This may cause corruption of the memory contents and/or read values when the set/reset is asserted and is not analyzed by the default static timing analysis. It is suggested to eliminate the use of a set/reset to registers driving this RAMB pin or else use a synchronous reset in which the assertion of the reset is timed by default.
Related violations: <none>

RPBF-3#1 Warning
IO port buffering is incomplete  
Device port PulseSel expects both input and output buffering but the buffers are incomplete.
Related violations: <none>

RPBF-3#2 Warning
IO port buffering is incomplete  
Device port Temp[0] expects both input and output buffering but the buffers are incomplete.
Related violations: <none>

RPBF-3#3 Warning
IO port buffering is incomplete  
Device port Temp[1] expects both input and output buffering but the buffers are incomplete.
Related violations: <none>

RPBF-3#4 Warning
IO port buffering is incomplete  
Device port Temp[2] expects both input and output buffering but the buffers are incomplete.
Related violations: <none>

RPBF-3#5 Warning
IO port buffering is incomplete  
Device port Temp[3] expects both input and output buffering but the buffers are incomplete.
Related violations: <none>

REQP-181#1 Advisory
writefirst  
Synchronous clocking is detected for BRAM (AFE_DataPath_inst/AFE_Pipeline_inst/Gen_Two_AFEs[0].Pipeline/U0/inst_blk_mem_gen/gnbram.gnativebmg.native_blk_mem_gen/valid.cstr/ramloop[0].ram.r/prim_noinit.ram/DEVICE_7SERIES.NO_BMM_INFO.SDP.WIDE_PRIM36_NO_ECC.ram) in SDP mode with WRITE_FIRST write-mode. This is the preferred mode for best power characteristics, however it may exhibit address collisions if the same address appears on both read and write ports resulting in unknown or corrupted read data. It is suggested to confirm via simulation that an address collision never occurs and if so it is suggested to try and avoid this situation. If address collisions cannot be avoided, the write-mode may be set to READ_FIRST which guarantees that the read data is the prior contents of the memory at the cost of additional power in the design. See the FPGA Memory Resources User Guide for additional information.
Related violations: <none>

REQP-181#2 Advisory
writefirst  
Synchronous clocking is detected for BRAM (AFE_DataPath_inst/AFE_Pipeline_inst/Gen_Two_AFEs[0].Pipeline/U0/inst_blk_mem_gen/gnbram.gnativebmg.native_blk_mem_gen/valid.cstr/ramloop[1].ram.r/prim_noinit.ram/DEVICE_7SERIES.NO_BMM_INFO.SDP.WIDE_PRIM36_NO_ECC.ram) in SDP mode with WRITE_FIRST write-mode. This is the preferred mode for best power characteristics, however it may exhibit address collisions if the same address appears on both read and write ports resulting in unknown or corrupted read data. It is suggested to confirm via simulation that an address collision never occurs and if so it is suggested to try and avoid this situation. If address collisions cannot be avoided, the write-mode may be set to READ_FIRST which guarantees that the read data is the prior contents of the memory at the cost of additional power in the design. See the FPGA Memory Resources User Guide for additional information.
Related violations: <none>

REQP-181#3 Advisory
writefirst  
Synchronous clocking is detected for BRAM (AFE_DataPath_inst/AFE_Pipeline_inst/Gen_Two_AFEs[1].Pipeline/U0/inst_blk_mem_gen/gnbram.gnativebmg.native_blk_mem_gen/valid.cstr/ramloop[0].ram.r/prim_noinit.ram/DEVICE_7SERIES.NO_BMM_INFO.SDP.WIDE_PRIM36_NO_ECC.ram) in SDP mode with WRITE_FIRST write-mode. This is the preferred mode for best power characteristics, however it may exhibit address collisions if the same address appears on both read and write ports resulting in unknown or corrupted read data. It is suggested to confirm via simulation that an address collision never occurs and if so it is suggested to try and avoid this situation. If address collisions cannot be avoided, the write-mode may be set to READ_FIRST which guarantees that the read data is the prior contents of the memory at the cost of additional power in the design. See the FPGA Memory Resources User Guide for additional information.
Related violations: <none>

REQP-181#4 Advisory
writefirst  
Synchronous clocking is detected for BRAM (AFE_DataPath_inst/AFE_Pipeline_inst/Gen_Two_AFEs[1].Pipeline/U0/inst_blk_mem_gen/gnbram.gnativebmg.native_blk_mem_gen/valid.cstr/ramloop[1].ram.r/prim_noinit.ram/DEVICE_7SERIES.NO_BMM_INFO.SDP.WIDE_PRIM36_NO_ECC.ram) in SDP mode with WRITE_FIRST write-mode. This is the preferred mode for best power characteristics, however it may exhibit address collisions if the same address appears on both read and write ports resulting in unknown or corrupted read data. It is suggested to confirm via simulation that an address collision never occurs and if so it is suggested to try and avoid this situation. If address collisions cannot be avoided, the write-mode may be set to READ_FIRST which guarantees that the read data is the prior contents of the memory at the cost of additional power in the design. See the FPGA Memory Resources User Guide for additional information.
Related violations: <none>


